#
# There is insufficient memory for the Java Runtime Environment to continue.
# Native memory allocation (mmap) failed to map 264241152 bytes for Failed to commit area from 0x0000000704000000 to 0x0000000713c00000 of length 264241152.
# Possible reasons:
#   The system is out of physical RAM or swap space
#   The process is running with CompressedOops enabled, and the Java Heap may be blocking the growth of the native heap
# Possible solutions:
#   Reduce memory load on the system
#   Increase physical memory or swap space
#   Check if swap backing store is full
#   Decrease Java heap size (-Xmx/-Xms)
#   Decrease number of Java threads
#   Decrease Java thread stack sizes (-Xss)
#   Set larger code cache with -XX:ReservedCodeCacheSize=
# This output file may be truncated or incomplete.
#
#  Out of Memory Error (t:/workspace/open/src/hotspot/os/windows/os_windows.cpp:3254), pid=6348, tid=26308
#
# JRE version:  (12.0+33) (build )
# Java VM: Java HotSpot(TM) 64-Bit Server VM (12+33, mixed mode, aot, sharing, tiered, compressed oops, g1 gc, windows-amd64)
# No core dump will be written. Minidumps are not enabled by default on client versions of Windows
#

---------------  S U M M A R Y ------------

Command Line: org.jetbrains.kotlin.cli.jvm.K2JVMCompiler @C:\src\flutter\packages\flutter_tools\gradle\build\20250809_33050045897344515.compiler.options

Host: 11th Gen Intel(R) Core(TM) i7-1165G7 @ 2.80GHz, 8 cores, 15G,  Windows 10 , 64 bit Build 26100 (10.0.26100.4768)
Time: Sat Aug  9 10:09:31 2025 West Bank Gaza Daylight Time elapsed time: 0 seconds (0d 0h 0m 0s)

---------------  T H R E A D  ---------------

Current thread (0x00000201d311f800):  JavaThread "Unknown thread" [_thread_in_vm, id=26308, stack(0x000000e026a00000,0x000000e026b00000)]

Stack: [0x000000e026a00000,0x000000e026b00000]
Native frames: (J=compiled Java code, j=interpreted, Vv=VM code, C=native code)
V  [jvm.dll+0x63948a]
V  [jvm.dll+0x78b31f]
V  [jvm.dll+0x78c9c1]
V  [jvm.dll+0x78d013]
V  [jvm.dll+0x262138]
V  [jvm.dll+0x63698a]
V  [jvm.dll+0x62b505]
V  [jvm.dll+0x31d9bc]
V  [jvm.dll+0x31d7ef]
V  [jvm.dll+0x323526]
V  [jvm.dll+0x370f76]
V  [jvm.dll+0x370750]
V  [jvm.dll+0x2f786a]
V  [jvm.dll+0x2f8af2]
V  [jvm.dll+0x7657b7]
V  [jvm.dll+0x766e95]
V  [jvm.dll+0x37f089]
V  [jvm.dll+0x749b14]
V  [jvm.dll+0x3ee48d]
V  [jvm.dll+0x3f03c1]
C  [jli.dll+0x51cf]
C  [ucrtbase.dll+0x37b0]
C  [KERNEL32.DLL+0x2e8d7]
C  [ntdll.dll+0x3c34c]


---------------  P R O C E S S  ---------------

Threads class SMR info:
_java_thread_list=0x00007ffc34df48e8, length=0, elements={
}

Java Threads: ( => current thread )

Other Threads:
  0x00000201d3184000 GCTaskThread "GC Thread#0" [stack: 0x000000e026b00000,0x000000e026c00000] [id=9664]
  0x00000201d319f000 ConcurrentGCThread "G1 Main Marker" [stack: 0x000000e026c00000,0x000000e026d00000] [id=19896]
  0x00000201d31a1000 ConcurrentGCThread "G1 Conc#0" [stack: 0x000000e026d00000,0x000000e026e00000] [id=19860]

[error occurred during error reporting (printing all threads), id 0xc0000005, EXCEPTION_ACCESS_VIOLATION (0xc0000005) at pc=0x00007ffc34627a37]

VM state:not at safepoint (not fully initialized)

VM Mutex/Monitor currently owned by a thread:  ([mutex/lock_event])
[0x00000201d311e300] Heap_lock - owner thread: 0x00000201d311f800

Heap address: 0x0000000704000000, size: 4032 MB, Compressed Oops mode: Non-zero based: 0x0000000704000000
Narrow klass base: 0x0000000000000000, Narrow klass shift: 0

GC Heap History (0 events):
No events

Deoptimization events (0 events):
No events

Classes redefined (0 events):
No events

Internal exceptions (0 events):
No events

Events (0 events):
No events


Dynamic libraries:
0x00007ff750bf0000 - 0x00007ff750bff000 	C:\Program Files (x86)\Java\jdk-12\bin\java.exe
0x00007ffd057a0000 - 0x00007ffd05a07000 	C:\WINDOWS\SYSTEM32\ntdll.dll
0x00007ffd04ad0000 - 0x00007ffd04b99000 	C:\WINDOWS\System32\KERNEL32.DLL
0x00007ffd02c20000 - 0x00007ffd03010000 	C:\WINDOWS\System32\KERNELBASE.dll
0x00007ffcff430000 - 0x00007ffcff4ce000 	C:\WINDOWS\SYSTEM32\apphelp.dll
0x00007ffd030e0000 - 0x00007ffd0322b000 	C:\WINDOWS\System32\ucrtbase.dll
0x00007ffc8d1b0000 - 0x00007ffc8d1c6000 	C:\Program Files (x86)\Java\jdk-12\bin\VCRUNTIME140.dll
0x00007ffc8dbd0000 - 0x00007ffc8dbe8000 	C:\Program Files (x86)\Java\jdk-12\bin\jli.dll
0x00007ffd035d0000 - 0x00007ffd03684000 	C:\WINDOWS\System32\ADVAPI32.dll
0x00007ffd056b0000 - 0x00007ffd05759000 	C:\WINDOWS\System32\msvcrt.dll
0x00007ffd038b0000 - 0x00007ffd03956000 	C:\WINDOWS\System32\sechost.dll
0x00007ffd049b0000 - 0x00007ffd04ac8000 	C:\WINDOWS\System32\RPCRT4.dll
0x00007ffd047a0000 - 0x00007ffd04965000 	C:\WINDOWS\System32\USER32.dll
0x00007ffd028d0000 - 0x00007ffd028f7000 	C:\WINDOWS\System32\win32u.dll
0x00007ffce4e20000 - 0x00007ffce50ba000 	C:\WINDOWS\WinSxS\amd64_microsoft.windows.common-controls_6595b64144ccf1df_6.0.26100.4768_none_3e0c112ce331287c\COMCTL32.dll
0x00007ffd03970000 - 0x00007ffd0399b000 	C:\WINDOWS\System32\GDI32.dll
0x00007ffd02900000 - 0x00007ffd02a38000 	C:\WINDOWS\System32\gdi32full.dll
0x00007ffd02ad0000 - 0x00007ffd02b73000 	C:\WINDOWS\System32\msvcp_win.dll
0x00007ffcf41a0000 - 0x00007ffcf41ab000 	C:\WINDOWS\SYSTEM32\VERSION.dll
0x00007ffd04970000 - 0x00007ffd0499f000 	C:\WINDOWS\System32\IMM32.DLL
0x00007ffc634c0000 - 0x00007ffc6356a000 	C:\Program Files (x86)\Java\jdk-12\bin\msvcp140.dll
0x00007ffc34320000 - 0x00007ffc34e94000 	C:\Program Files (x86)\Java\jdk-12\bin\server\jvm.dll
0x00007ffd03530000 - 0x00007ffd03538000 	C:\WINDOWS\System32\PSAPI.DLL
0x00007ffccce10000 - 0x00007ffccce1a000 	C:\WINDOWS\SYSTEM32\WSOCK32.dll
0x00007ffd04bb0000 - 0x00007ffd04c24000 	C:\WINDOWS\System32\WS2_32.dll
0x00007ffcf9360000 - 0x00007ffcf9395000 	C:\WINDOWS\SYSTEM32\WINMM.dll
0x00007ffd01650000 - 0x00007ffd0166b000 	C:\WINDOWS\SYSTEM32\kernel.appcore.dll
0x00007ffc8d040000 - 0x00007ffc8d051000 	C:\Program Files (x86)\Java\jdk-12\bin\verify.dll
0x00007ffcffa70000 - 0x00007ffcffcb1000 	C:\WINDOWS\SYSTEM32\DBGHELP.DLL
0x00007ffd03b50000 - 0x00007ffd03ed5000 	C:\WINDOWS\System32\combase.dll
0x00007ffd055c0000 - 0x00007ffd056a0000 	C:\WINDOWS\System32\OLEAUT32.dll
0x00007ffcd9c70000 - 0x00007ffcd9cb3000 	C:\WINDOWS\SYSTEM32\dbgcore.DLL
0x00007ffd02b80000 - 0x00007ffd02c19000 	C:\WINDOWS\System32\bcryptPrimitives.dll
0x00007ffc8ccb0000 - 0x00007ffc8ccd6000 	C:\Program Files (x86)\Java\jdk-12\bin\java.dll
0x00007ffc8d020000 - 0x00007ffc8d037000 	C:\Program Files (x86)\Java\jdk-12\bin\zip.dll
0x00007ffcced40000 - 0x00007ffcced4a000 	C:\Program Files (x86)\Java\jdk-12\bin\jimage.dll

dbghelp: loaded successfully - version: 4.0.5 - missing functions: none
symbol engine: initialized successfully - sym options: 0x614 - pdb path: .;C:\Program Files (x86)\Java\jdk-12\bin;C:\WINDOWS\SYSTEM32;C:\WINDOWS\WinSxS\amd64_microsoft.windows.common-controls_6595b64144ccf1df_6.0.26100.4768_none_3e0c112ce331287c;C:\Program Files (x86)\Java\jdk-12\bin\server

VM Arguments:
java_command: org.jetbrains.kotlin.cli.jvm.K2JVMCompiler @C:\src\flutter\packages\flutter_tools\gradle\build\20250809_33050045897344515.compiler.options
java_class_path (initial): C:\Users\hp\.gradle\caches\modules-2\files-2.1\org.jetbrains.kotlin\kotlin-compiler-embeddable\1.9.24\78dab849090e6c5e2eadb6e59a11cdc28fb67a08\kotlin-compiler-embeddable-1.9.24.jar;C:\Users\hp\.gradle\caches\modules-2\files-2.1\org.jetbrains.kotlin\kotlin-stdlib\1.9.24\9928532f12c66ad816a625b3f9984f8368ca6d2b\kotlin-stdlib-1.9.24.jar;C:\Users\hp\.gradle\caches\modules-2\files-2.1\org.jetbrains.kotlin\kotlin-script-runtime\1.9.24\96771497da90fbc5af1c90fce148db2595a62502\kotlin-script-runtime-1.9.24.jar;C:\Users\hp\.gradle\caches\modules-2\files-2.1\org.jetbrains.kotlin\kotlin-reflect\1.6.10\1cbe9c92c12a94eea200d23c2bbaedaf3daf5132\kotlin-reflect-1.6.10.jar;C:\Users\hp\.gradle\caches\modules-2\files-2.1\org.jetbrains.kotlin\kotlin-daemon-embeddable\1.9.24\86685b9c5e8d170925bd9ddbdc263374a6a73281\kotlin-daemon-embeddable-1.9.24.jar;C:\Users\hp\.gradle\caches\modules-2\files-2.1\org.jetbrains.intellij.deps\trove4j\1.0.20200330\3afb14d5f9ceb459d724e907a21145e8ff394f02\trove4j-1.0.20200330.jar;C:\Users\hp\.gradle\caches\modules-2\files-2.1\org.jetbrains\annotations\13.0\919f0dfe192fb4e063e7dacadee7f8bb9a2672a9\annotations-13.0.jar
Launcher Type: SUN_STANDARD

[Global flags]
     intx CICompilerCount                          = 4                                         {product} {ergonomic}
     uint ConcGCThreads                            = 2                                         {product} {ergonomic}
     uint G1ConcRefinementThreads                  = 8                                         {product} {ergonomic}
   size_t G1HeapRegionSize                         = 1048576                                   {product} {ergonomic}
    uintx GCDrainStackTargetSize                   = 64                                        {product} {ergonomic}
   size_t InitialHeapSize                          = 264241152                                 {product} {ergonomic}
   size_t MarkStackSize                            = 4194304                                   {product} {ergonomic}
   size_t MaxHeapSize                              = 4227858432                                {product} {ergonomic}
   size_t MinHeapDeltaBytes                        = 1048576                                   {product} {ergonomic}
    uintx NonNMethodCodeHeapSize                   = 5836300                                {pd product} {ergonomic}
    uintx NonProfiledCodeHeapSize                  = 122910970                              {pd product} {ergonomic}
    uintx ProfiledCodeHeapSize                     = 122910970                              {pd product} {ergonomic}
    uintx ReservedCodeCacheSize                    = 251658240                              {pd product} {ergonomic}
     bool SegmentedCodeCache                       = true                                      {product} {ergonomic}
     bool UseCompressedClassPointers               = true                                 {lp64_product} {ergonomic}
     bool UseCompressedOops                        = true                                 {lp64_product} {ergonomic}
     bool UseG1GC                                  = true                                      {product} {ergonomic}
     bool UseLargePagesIndividualAllocation        = false                                  {pd product} {ergonomic}

Logging:
Log output configuration:
 #0: stdout all=warning uptime,level,tags
 #1: stderr all=off uptime,level,tags

Environment Variables:
JAVA_HOME=C:\Program Files (x86)\Java\jdk-12
PATH=C:\Program Files\Common Files\Oracle\Java\javapath;C:\oraclexe\app\oracle\product\11.2.0\server\bin;C:\Windows\system32;C:\Windows;C:\Windows\System32\Wbem;C:\Windows\System32\WindowsPowerShell\v1.0\;C:\Windows\System32\OpenSSH\;C:\Program Files (x86)\NVIDIA Corporation\PhysX\Common;C:\Program Files\NVIDIA Corporation\NVIDIA NvDLISR;C:\Program Files\Git\cmd;C:\Program Files\Microsoft SQL Server\130\Tools\Binn\;C:\chromedriver_win32\chromedriver.exe;C:\Users\Test\Desktop\jdk-17_windows-x64_bin\jdk-17.0.3\bin;C:\Users\Test\Gardle\gradle-7.4.2-all\gradle-7.4.2\bin;C:\Program Files\nodejs\;C:\Users\hp\AppData\Local\Pub\Cache\bin;C:\xampp\php;C:\ProgramData\ComposerSetup\bin;C:\Users\hp\.dnx\bin;C:\Program Files\Microsoft DNX\Dnvm\;C:\Program Files\Microsoft SQL Server\120\Tools\Binn\;C:\Program Files\Microsoft SQL Server\150\Tools\Binn\;C:\Program Files\Microsoft SQL Server\Client SDK\ODBC\170\Tools\Binn\;C:\Program Files\dotnet\;C:\Program Files (x86)\Windows Kits\10\Windows Performance Toolkit\;C:\WINDOWS\system32;C:\WINDOWS;C:\WINDOWS\System32\Wbem;C:\WINDOWS\System32\WindowsPowerShell\v1.0\;C:\WINDOWS\System32\OpenSSH\;C:\dart-sdk\bin;C:\Users\hp\AppData\Local\Programs\Python\Python311\Scripts\;C:\Users\hp\AppData\Local\Programs\Python\Python311\;C:\Users\hp\AppData\Local\Programs\Python\Python313\Scripts\;C:\Users\hp\AppData\Local\Programs\Python\Python313\;C:\Users\hp\AppData\Local\Programs\Python\Python312\Scripts\;C:\Users\hp\AppData\Local\Programs\Python\Python312\;C:\Program Files\Common Files\Oracle\Java\javapath;C:\oraclexe\app\oracle\product\11.2.0\server\bin;C:\Windows\system32;C:\Windows;C:\Windows\System32\Wbem;C:\Windows\System32\WindowsPowerShell\v1.0\;C:\Windows\System32\OpenSSH\;C:\Program Files (x86)\NVIDIA Corporation\PhysX\Common;C:\Program Files\NVIDIA Corporation\NVIDIA NvDLISR;C:\Program Files\Git\cmd;C:\Program Files\Microsoft SQL Server\130\Tools\Binn\;C:\chromedriver_win32\chromedriver.exe;C:\Users\Test\Desktop\jdk-17_windows-x64_bin\jdk-1
USERNAME=hp
OS=Windows_NT
PROCESSOR_IDENTIFIER=Intel64 Family 6 Model 140 Stepping 1, GenuineIntel



---------------  S Y S T E M  ---------------

OS: Windows 10 , 64 bit Build 26100 (10.0.26100.4768)

CPU:total 8 (initial active 8) (4 cores per cpu, 2 threads per core) family 6 model 140 stepping 1, cmov, cx8, fxsr, mmx, sse, sse2, sse3, ssse3, sse4.1, sse4.2, popcnt, avx, avx2, aes, clmul, erms, 3dnowpref, lzcnt, ht, tsc, tscinvbit, bmi1, bmi2, adx, evex, sha, fma

Memory: 4k page, system-wide physical 16124M (904M free)
TotalPageFile size 25702M (AvailPageFile size 97M)
current process WorkingSet (physical memory assigned to process): 13M, peak: 13M
current process commit charge ("private bytes"): 61M, peak: 313M

vm_info: Java HotSpot(TM) 64-Bit Server VM (12+33) for windows-amd64 JRE (12+33), built on Feb 21 2019 02:31:50 by "mach5one" with MS VC++ 15.5 (VS2017)

END.
