#
# There is insufficient memory for the Java Runtime Environment to continue.
# Native memory allocation (mmap) failed to map 58720256 bytes for Failed to commit area from 0x0000000611600000 to 0x0000000614e00000 of length 58720256.
# Possible reasons:
#   The system is out of physical RAM or swap space
#   The process is running with CompressedOops enabled, and the Java Heap may be blocking the growth of the native heap
# Possible solutions:
#   Reduce memory load on the system
#   Increase physical memory or swap space
#   Check if swap backing store is full
#   Decrease Java heap size (-Xmx/-Xms)
#   Decrease number of Java threads
#   Decrease Java thread stack sizes (-Xss)
#   Set larger code cache with -XX:ReservedCodeCacheSize=
#   JVM is running with Zero Based Compressed Oops mode in which the Java heap is
#     placed in the first 32GB address space. The Java Heap base address is the
#     maximum limit for the native heap growth. Please use -XX:HeapBaseMinAddress
#     to set the Java Heap base and to place the Java Heap above 32GB virtual address.
# This output file may be truncated or incomplete.
#
#  Out of Memory Error (t:/workspace/open/src/hotspot/os/windows/os_windows.cpp:3254), pid=22128, tid=3580
#
# JRE version: Java(TM) SE Runtime Environment (12.0+33) (build 12+33)
# Java VM: Java HotSpot(TM) 64-Bit Server VM (12+33, mixed mode, sharing, tiered, compressed oops, g1 gc, windows-amd64)
# No core dump will be written. Minidumps are not enabled by default on client versions of Windows
#

---------------  S U M M A R Y ------------

Command Line: -XX:MaxMetaspaceSize=4G -XX:ReservedCodeCacheSize=512m -XX:+HeapDumpOnOutOfMemoryError --add-opens=java.base/java.util=ALL-UNNAMED --add-opens=java.base/java.lang=ALL-UNNAMED --add-opens=java.base/java.lang.invoke=ALL-UNNAMED --add-opens=java.prefs/java.util.prefs=ALL-UNNAMED --add-exports=jdk.compiler/com.sun.tools.javac.api=ALL-UNNAMED --add-exports=jdk.compiler/com.sun.tools.javac.util=ALL-UNNAMED --add-opens=java.base/java.nio.charset=ALL-UNNAMED --add-opens=java.base/java.net=ALL-UNNAMED --add-opens=java.base/java.util.concurrent.atomic=ALL-UNNAMED -Xmx8G -Dfile.encoding=utf8 -Duser.country=US -Duser.language=en -Duser.variant -javaagent:C:\Users\hp\.gradle\wrapper\dists\gradle-8.10.2-all\7iv73wktx1xtkvlq19urqw1wm\gradle-8.10.2\lib\agents\gradle-instrumentation-agent-8.10.2.jar org.gradle.launcher.daemon.bootstrap.GradleDaemon 8.10.2

Host: 11th Gen Intel(R) Core(TM) i7-1165G7 @ 2.80GHz, 8 cores, 15G,  Windows 10 , 64 bit Build 26100 (10.0.26100.4768)
Time: Sat Aug  9 10:09:38 2025 West Bank Gaza Daylight Time elapsed time: 93 seconds (0d 0h 1m 33s)

---------------  T H R E A D  ---------------

Current thread (0x0000022effa3a800):  VMThread "VM Thread" [stack: 0x0000005378600000,0x0000005378700000] [id=3580]

Stack: [0x0000005378600000,0x0000005378700000]
[error occurred during error reporting (printing stack bounds), id 0xc0000005, EXCEPTION_ACCESS_VIOLATION (0xc0000005) at pc=0x0000022ed3340d67]

Native frames: (J=compiled Java code, j=interpreted, Vv=VM code, C=native code)
V  [jvm.dll+0x63948a]
V  [jvm.dll+0x78b31f]
V  [jvm.dll+0x78c9c1]
V  [jvm.dll+0x78cf75]
V  [jvm.dll+0x78cf2b]
V  [jvm.dll+0x638b84]
V  [jvm.dll+0x638f58]
C  [ntdll.dll+0x166fef]
C  [ntdll.dll+0x74557]
C  [ntdll.dll+0x16692e]
C  0x0000022ed3340d67

VM_Operation (0x0000005379cf3370): G1CollectForAllocation, mode: safepoint, requested by thread 0x0000022e8c082800


---------------  P R O C E S S  ---------------

Threads class SMR info:
_java_thread_list=0x0000022ea437c8a0, length=60, elements={
0x0000022ec9753000, 0x0000022effa3c800, 0x0000022effa40800, 0x0000022effbf2800,
0x0000022effbf3800, 0x0000022effbf5000, 0x0000022effbf6000, 0x0000022effbfc000,
0x0000022effd30800, 0x0000022effe8c000, 0x0000022e8b030800, 0x0000022e8ba74000,
0x0000022effee8800, 0x0000022e8c369800, 0x0000022e8c082800, 0x0000022e8c43e800,
0x0000022e8c440000, 0x0000022e8c441000, 0x0000022e8c442000, 0x0000022e8c445000,
0x0000022e8c442800, 0x0000022e8c444000, 0x0000022e8c888000, 0x0000022e8c885800,
0x0000022e8c887000, 0x0000022e8c88d800, 0x0000022e8c88b000, 0x0000022e8c88f800,
0x0000022e8c890000, 0x0000022e8c88e800, 0x0000022e8d070000, 0x0000022e8d079000,
0x0000022e8dcd2800, 0x0000022e8dcd0800, 0x0000022e8dcd0000, 0x0000022e8dcd3000,
0x0000022e8dcd4000, 0x0000022e8dcd1800, 0x0000022e8dcd7000, 0x0000022e8dcd5800,
0x0000022e8dcd6800, 0x0000022e8dcd5000, 0x0000022e8dcda800, 0x0000022e8dcdb800,
0x0000022e8dcd9000, 0x0000022e8dcdc000, 0x0000022e8dcd9800, 0x0000022e8dcde800,
0x0000022e8dcdd000, 0x0000022e8dcde000, 0x0000022e8d071000, 0x0000022e8d071800,
0x0000022e8d06f000, 0x0000022e8d074000, 0x0000022e8d073000, 0x0000022e8d076800,
0x0000022e8d079800, 0x0000022e8d07a800, 0x0000022e8d07b800, 0x0000022e8d078000
}

Java Threads: ( => current thread )
  0x0000022ec9753000 JavaThread "main" [_thread_blocked, id=11752, stack(0x0000005378000000,0x0000005378100000)]
  0x0000022effa3c800 JavaThread "Reference Handler" daemon [_thread_blocked, id=18504, stack(0x0000005378700000,0x0000005378800000)]
  0x0000022effa40800 JavaThread "Finalizer" daemon [_thread_blocked, id=4296, stack(0x0000005378800000,0x0000005378900000)]
  0x0000022effbf2800 JavaThread "Signal Dispatcher" daemon [_thread_blocked, id=17496, stack(0x0000005378900000,0x0000005378a00000)]
  0x0000022effbf3800 JavaThread "Attach Listener" daemon [_thread_blocked, id=4076, stack(0x0000005378a00000,0x0000005378b00000)]
  0x0000022effbf5000 JavaThread "C2 CompilerThread0" daemon [_thread_blocked, id=6712, stack(0x0000005378b00000,0x0000005378c00000)]
  0x0000022effbf6000 JavaThread "C1 CompilerThread0" daemon [_thread_blocked, id=1356, stack(0x0000005378c00000,0x0000005378d00000)]
  0x0000022effbfc000 JavaThread "Sweeper thread" daemon [_thread_blocked, id=5876, stack(0x0000005378d00000,0x0000005378e00000)]
  0x0000022effd30800 JavaThread "Common-Cleaner" daemon [_thread_blocked, id=26172, stack(0x0000005378e00000,0x0000005378f00000)]
  0x0000022effe8c000 JavaThread "Service Thread" daemon [_thread_blocked, id=19184, stack(0x0000005379000000,0x0000005379100000)]
  0x0000022e8b030800 JavaThread "Daemon health stats" [_thread_blocked, id=26480, stack(0x0000005378f00000,0x0000005379000000)]
  0x0000022e8ba74000 JavaThread "Incoming local TCP Connector on port 57363" [_thread_in_native, id=18436, stack(0x0000005379700000,0x0000005379800000)]
  0x0000022effee8800 JavaThread "Daemon periodic checks" [_thread_blocked, id=10236, stack(0x0000005379800000,0x0000005379900000)]
  0x0000022e8c369800 JavaThread "Daemon" [_thread_blocked, id=2184, stack(0x0000005379900000,0x0000005379a00000)]
  0x0000022e8c082800 JavaThread "Daemon worker" [_thread_blocked, id=26272, stack(0x0000005379c00000,0x0000005379d00000)]
  0x0000022e8c43e800 JavaThread "Cache worker for journal cache (C:\Users\hp\.gradle\caches\journal-1)" [_thread_blocked, id=26212, stack(0x000000537a000000,0x000000537a100000)]
  0x0000022e8c440000 JavaThread "File lock request listener" [_thread_in_native, id=20232, stack(0x000000537a100000,0x000000537a200000)]
  0x0000022e8c441000 JavaThread "File lock release action executor" [_thread_blocked, id=4360, stack(0x000000537a200000,0x000000537a300000)]
  0x0000022e8c442000 JavaThread "Cache worker for file hash cache (C:\Users\hp\.gradle\caches\8.10.2\fileHashes)" [_thread_blocked, id=11564, stack(0x000000537a300000,0x000000537a400000)]
  0x0000022e8c445000 JavaThread "File watcher server" daemon [_thread_in_native, id=3624, stack(0x000000537a700000,0x000000537a800000)]
  0x0000022e8c442800 JavaThread "File watcher consumer" daemon [_thread_blocked, id=25956, stack(0x000000537a800000,0x000000537a900000)]
  0x0000022e8c444000 JavaThread "jar transforms" [_thread_blocked, id=12848, stack(0x000000537ac00000,0x000000537ad00000)]
  0x0000022e8c888000 JavaThread "jar transforms Thread 2" [_thread_blocked, id=22752, stack(0x000000537ad00000,0x000000537ae00000)]
  0x0000022e8c885800 JavaThread "jar transforms Thread 3" [_thread_blocked, id=19520, stack(0x000000537ae00000,0x000000537af00000)]
  0x0000022e8c887000 JavaThread "Cache worker for file content cache (C:\Users\hp\.gradle\caches\8.10.2\fileContent)" [_thread_blocked, id=26236, stack(0x000000537af00000,0x000000537b000000)]
  0x0000022e8c88d800 JavaThread "jar transforms Thread 4" [_thread_blocked, id=25976, stack(0x000000537b000000,0x000000537b100000)]
  0x0000022e8c88b000 JavaThread "jar transforms Thread 5" [_thread_blocked, id=25516, stack(0x000000537b300000,0x000000537b400000)]
  0x0000022e8c88f800 JavaThread "jar transforms Thread 6" [_thread_blocked, id=26592, stack(0x000000537b600000,0x000000537b700000)]
  0x0000022e8c890000 JavaThread "jar transforms Thread 7" [_thread_blocked, id=26484, stack(0x000000537b400000,0x000000537b500000)]
  0x0000022e8c88e800 JavaThread "jar transforms Thread 8" [_thread_blocked, id=20184, stack(0x000000537b500000,0x000000537b600000)]
  0x0000022e8d070000 JavaThread "Memory manager" [_thread_blocked, id=23224, stack(0x000000537d100000,0x000000537d200000)]
  0x0000022e8d079000 JavaThread "included builds" [_thread_blocked, id=19304, stack(0x000000537d400000,0x000000537d500000)]
  0x0000022e8dcd2800 JavaThread "VFS cleanup" [_thread_blocked, id=13092, stack(0x0000005377d00000,0x0000005377e00000)]
  0x0000022e8dcd0800 JavaThread "Handler for socket connection from /127.0.0.1:57363 to /127.0.0.1:59240" [_thread_in_native, id=18140, stack(0x0000005377e00000,0x0000005377f00000)]
  0x0000022e8dcd0000 JavaThread "Cancel handler" [_thread_blocked, id=21500, stack(0x0000005377f00000,0x0000005378000000)]
  0x0000022e8dcd3000 JavaThread "Asynchronous log dispatcher for DefaultDaemonConnection: socket connection from /127.0.0.1:57363 to /127.0.0.1:59240" [_thread_blocked, id=26032, stack(0x0000005379a00000,0x0000005379b00000)]
  0x0000022e8dcd4000 JavaThread "Stdin handler" [_thread_blocked, id=6532, stack(0x0000005379b00000,0x0000005379c00000)]
  0x0000022e8dcd1800 JavaThread "Daemon client event forwarder" [_thread_blocked, id=23332, stack(0x0000005379d00000,0x0000005379e00000)]
  0x0000022e8dcd7000 JavaThread "Cache worker for file hash cache (C:\Users\Public\Documents\kicklance_training\front end\sessions\session9\first_app\android\.gradle\8.10.2\fileHashes)" [_thread_blocked, id=16240, stack(0x0000005379e00000,0x0000005379f00000)]
  0x0000022e8dcd5800 JavaThread "Cache worker for Build Output Cleanup Cache (C:\Users\Public\Documents\kicklance_training\front end\sessions\session9\first_app\android\.gradle\buildOutputCleanup)" [_thread_blocked, id=23880, stack(0x0000005379f00000,0x000000537a000000)]
  0x0000022e8dcd6800 JavaThread "Cache worker for checksums cache (C:\Users\Public\Documents\kicklance_training\front end\sessions\session9\first_app\android\.gradle\8.10.2\checksums)" [_thread_blocked, id=24684, stack(0x000000537a900000,0x000000537aa00000)]
  0x0000022e8dcd5000 JavaThread "Cache worker for cache directory md-rule (C:\Users\hp\.gradle\caches\8.10.2\md-rule)" [_thread_blocked, id=22328, stack(0x000000537aa00000,0x000000537ab00000)]
  0x0000022e8dcda800 JavaThread "Cache worker for cache directory md-supplier (C:\Users\hp\.gradle\caches\8.10.2\md-supplier)" [_thread_blocked, id=19620, stack(0x000000537ab00000,0x000000537ac00000)]
  0x0000022e8dcdb800 JavaThread "Cache worker for Build Output Cleanup Cache (C:\src\flutter\packages\flutter_tools\gradle\.gradle\buildOutputCleanup)" [_thread_blocked, id=22084, stack(0x000000537b200000,0x000000537b300000)]
  0x0000022e8dcd9000 JavaThread "Unconstrained build operations" [_thread_blocked, id=23168, stack(0x000000537b100000,0x000000537b200000)]
  0x0000022e8dcdc000 JavaThread "Unconstrained build operations Thread 2" [_thread_blocked, id=16120, stack(0x000000537b900000,0x000000537ba00000)]
  0x0000022e8dcd9800 JavaThread "Unconstrained build operations Thread 3" [_thread_blocked, id=17764, stack(0x000000537ba00000,0x000000537bb00000)]
  0x0000022e8dcde800 JavaThread "Unconstrained build operations Thread 4" [_thread_blocked, id=26080, stack(0x000000537be00000,0x000000537bf00000)]
  0x0000022e8dcdd000 JavaThread "Unconstrained build operations Thread 5" [_thread_blocked, id=18280, stack(0x000000537bf00000,0x000000537c000000)]
  0x0000022e8dcde000 JavaThread "Unconstrained build operations Thread 6" [_thread_blocked, id=8888, stack(0x000000537c000000,0x000000537c100000)]
  0x0000022e8d071000 JavaThread "Unconstrained build operations Thread 7" [_thread_blocked, id=2632, stack(0x000000537c100000,0x000000537c200000)]
  0x0000022e8d071800 JavaThread "Unconstrained build operations Thread 8" [_thread_blocked, id=25004, stack(0x000000537c200000,0x000000537c300000)]
  0x0000022e8d06f000 JavaThread "Unconstrained build operations Thread 9" [_thread_blocked, id=18152, stack(0x000000537c300000,0x000000537c400000)]
  0x0000022e8d074000 JavaThread "Unconstrained build operations Thread 10" [_thread_blocked, id=14132, stack(0x000000537c400000,0x000000537c500000)]
  0x0000022e8d073000 JavaThread "Unconstrained build operations Thread 11" [_thread_blocked, id=19960, stack(0x000000537c500000,0x000000537c600000)]
  0x0000022e8d076800 JavaThread "Unconstrained build operations Thread 12" [_thread_blocked, id=26040, stack(0x000000537c600000,0x000000537c700000)]
  0x0000022e8d079800 JavaThread "Unconstrained build operations Thread 13" [_thread_blocked, id=19936, stack(0x000000537c700000,0x000000537c800000)]
  0x0000022e8d07a800 JavaThread "Unconstrained build operations Thread 14" [_thread_blocked, id=15460, stack(0x000000537c800000,0x000000537c900000)]
  0x0000022e8d07b800 JavaThread "build event listener" [_thread_blocked, id=10088, stack(0x000000537cb00000,0x000000537cc00000)]
  0x0000022e8d078000 JavaThread "C2 CompilerThread1" daemon [_thread_blocked, id=26156, stack(0x000000537c900000,0x000000537ca00000)]

Other Threads:
=>0x0000022effa3a800 VMThread "VM Thread" [stack: 0x0000005378600000,0x0000005378700000] [id=3580]
  0x0000022effe8c800 WatcherThread [stack: 0x0000005379100000,0x0000005379200000] [id=19732]
  0x0000022ec97d2800 GCTaskThread "GC Thread#0" [stack: 0x0000005378100000,0x0000005378200000] [id=25716]
  0x0000022e8a95c800 GCTaskThread "GC Thread#1" [stack: 0x0000005379200000,0x0000005379300000] [id=20340]
  0x0000022e8ad7e000 GCTaskThread "GC Thread#2" [stack: 0x0000005379300000,0x0000005379400000] [id=24388]
  0x0000022e8ad7e800 GCTaskThread "GC Thread#3" [stack: 0x0000005379400000,0x0000005379500000] [id=16920]
  0x0000022effee7800 GCTaskThread "GC Thread#4" [stack: 0x0000005379500000,0x0000005379600000] [id=17472]
  0x0000022effee8000 GCTaskThread "GC Thread#5" [stack: 0x0000005379600000,0x0000005379700000] [id=15772]
  0x0000022e8ddb3000 GCTaskThread "GC Thread#6" [stack: 0x000000537a400000,0x000000537a500000] [id=26188]
  0x0000022e8c50c800 GCTaskThread "GC Thread#7" [stack: 0x000000537a500000,0x000000537a600000] [id=3864]
  0x0000022ec97ed800 ConcurrentGCThread "G1 Main Marker" [stack: 0x0000005378200000,0x0000005378300000] [id=5968]
  0x0000022ec97ee800 ConcurrentGCThread "G1 Conc#0" [stack: 0x0000005378300000,0x0000005378400000] [id=24824]
  0x0000022e8e44e000 ConcurrentGCThread "G1 Conc#1" [stack: 0x000000537a600000,0x000000537a700000] [id=20348]
  0x0000022eff934000 ConcurrentGCThread "G1 Refine#0" [stack: 0x0000005378400000,0x0000005378500000] [id=19904]
  0x0000022e8e10c800 ConcurrentGCThread "G1 Refine#1" [stack: 0x000000537bb00000,0x000000537bc00000] [id=5600]
  0x0000022e9112e800 ConcurrentGCThread "G1 Refine#2" [stack: 0x000000537bc00000,0x000000537bd00000] [id=25708]
  0x0000022e90641800 ConcurrentGCThread "G1 Refine#3" [stack: 0x000000537bd00000,0x000000537be00000] [id=26152]
  0x0000022eff936000 ConcurrentGCThread "G1 Young RemSet Sampling" [stack: 0x0000005378500000,0x0000005378600000] [id=25132]

Threads with active compile tasks:
C2 CompilerThread1  19804 %     4       org.jetbrains.kotlin.com.intellij.openapi.vfs.impl.jar.CoreJarHandler::<init> @ 64 (236 bytes)

VM state:at safepoint (normal execution)

VM Mutex/Monitor currently owned by a thread:  ([mutex/lock_event])
[0x0000022ec974e520] Threads_lock - owner thread: 0x0000022effa3a800
[0x0000022ec97514b0] Heap_lock - owner thread: 0x0000022e8c082800

Heap address: 0x0000000600000000, size: 8192 MB, Compressed Oops mode: Zero based, Oop shift amount: 3
Narrow klass base: 0x0000000800000000, Narrow klass shift: 3
Compressed class space size: 1073741824 Address: 0x00000008011a0000

Heap:
 garbage-first heap   total 342016K, used 165611K [0x0000000600000000, 0x0000000800000000)
  region size 2048K, 5 young (10240K), 5 survivors (10240K)
 Metaspace       used 149782K, capacity 154047K, committed 154240K, reserved 1183744K
  class space    used 18968K, capacity 20536K, committed 20608K, reserved 1048576K
Heap Regions: E=young(eden), S=young(survivor), O=old, HS=humongous(starts), HC=humongous(continues), CS=collection set, F=free, A=archive, TAMS=top-at-mark-start (previous, next)
|   0|0x0000000600000000, 0x0000000600200000, 0x0000000600200000|100%|HS|  |TAMS 0x0000000600200000, 0x0000000600000000| Complete 
|   1|0x0000000600200000, 0x0000000600400000, 0x0000000600400000|100%|HC|  |TAMS 0x0000000600400000, 0x0000000600200000| Complete 
|   2|0x0000000600400000, 0x0000000600600000, 0x0000000600600000|100%| O|  |TAMS 0x0000000600600000, 0x0000000600400000| Untracked 
|   3|0x0000000600600000, 0x0000000600800000, 0x0000000600800000|100%| O|  |TAMS 0x0000000600800000, 0x0000000600600000| Untracked 
|   4|0x0000000600800000, 0x0000000600a00000, 0x0000000600a00000|100%| O|  |TAMS 0x0000000600a00000, 0x0000000600800000| Untracked 
|   5|0x0000000600a00000, 0x0000000600c00000, 0x0000000600c00000|100%| O|  |TAMS 0x0000000600c00000, 0x0000000600a00000| Untracked 
|   6|0x0000000600c00000, 0x0000000600e00000, 0x0000000600e00000|100%| O|  |TAMS 0x0000000600e00000, 0x0000000600c00000| Untracked 
|   7|0x0000000600e00000, 0x0000000601000000, 0x0000000601000000|100%| O|  |TAMS 0x0000000601000000, 0x0000000600e00000| Untracked 
|   8|0x0000000601000000, 0x00000006011f6600, 0x0000000601200000| 98%| O|  |TAMS 0x00000006011f6600, 0x0000000601000000| Untracked 
|   9|0x0000000601200000, 0x0000000601400000, 0x0000000601400000|100%| O|  |TAMS 0x0000000601400000, 0x0000000601200000| Untracked 
|  10|0x0000000601400000, 0x0000000601600000, 0x0000000601600000|100%| O|  |TAMS 0x0000000601600000, 0x0000000601400000| Untracked 
|  11|0x0000000601600000, 0x0000000601800000, 0x0000000601800000|100%| O|  |TAMS 0x0000000601800000, 0x0000000601600000| Untracked 
|  12|0x0000000601800000, 0x0000000601a00000, 0x0000000601a00000|100%| O|  |TAMS 0x0000000601a00000, 0x0000000601800000| Untracked 
|  13|0x0000000601a00000, 0x0000000601c00000, 0x0000000601c00000|100%| O|  |TAMS 0x0000000601c00000, 0x0000000601a00000| Untracked 
|  14|0x0000000601c00000, 0x0000000601e00000, 0x0000000601e00000|100%| O|  |TAMS 0x0000000601e00000, 0x0000000601c00000| Untracked 
|  15|0x0000000601e00000, 0x0000000602000000, 0x0000000602000000|100%| O|  |TAMS 0x0000000602000000, 0x0000000601e00000| Untracked 
|  16|0x0000000602000000, 0x0000000602200000, 0x0000000602200000|100%| O|  |TAMS 0x0000000602200000, 0x0000000602000000| Complete 
|  17|0x0000000602200000, 0x0000000602400000, 0x0000000602400000|100%| O|  |TAMS 0x0000000602400000, 0x0000000602200000| Untracked 
|  18|0x0000000602400000, 0x0000000602600000, 0x0000000602600000|100%| O|  |TAMS 0x0000000602600000, 0x0000000602400000| Untracked 
|  19|0x0000000602600000, 0x0000000602800000, 0x0000000602800000|100%| O|  |TAMS 0x0000000602800000, 0x0000000602600000| Untracked 
|  20|0x0000000602800000, 0x0000000602a00000, 0x0000000602a00000|100%| O|  |TAMS 0x0000000602a00000, 0x0000000602800000| Untracked 
|  21|0x0000000602a00000, 0x0000000602c00000, 0x0000000602c00000|100%| O|  |TAMS 0x0000000602c00000, 0x0000000602a00000| Complete 
|  22|0x0000000602c00000, 0x0000000602e00000, 0x0000000602e00000|100%| O|  |TAMS 0x0000000602e00000, 0x0000000602c00000| Complete 
|  23|0x0000000602e00000, 0x0000000603000000, 0x0000000603000000|100%| O|  |TAMS 0x0000000603000000, 0x0000000602e00000| Untracked 
|  24|0x0000000603000000, 0x0000000603200000, 0x0000000603200000|100%| O|  |TAMS 0x0000000603200000, 0x0000000603000000| Untracked 
|  25|0x0000000603200000, 0x0000000603400000, 0x0000000603400000|100%| O|  |TAMS 0x0000000603400000, 0x0000000603200000| Complete 
|  26|0x0000000603400000, 0x0000000603600000, 0x0000000603600000|100%| O|  |TAMS 0x0000000603600000, 0x0000000603400000| Untracked 
|  27|0x0000000603600000, 0x0000000603800000, 0x0000000603800000|100%| O|  |TAMS 0x0000000603800000, 0x0000000603600000| Untracked 
|  28|0x0000000603800000, 0x0000000603a00000, 0x0000000603a00000|100%| O|  |TAMS 0x0000000603a00000, 0x0000000603800000| Untracked 
|  29|0x0000000603a00000, 0x0000000603c00000, 0x0000000603c00000|100%| O|  |TAMS 0x0000000603c00000, 0x0000000603a00000| Untracked 
|  30|0x0000000603c00000, 0x0000000603e00000, 0x0000000603e00000|100%| O|  |TAMS 0x0000000603e00000, 0x0000000603c00000| Complete 
|  31|0x0000000603e00000, 0x0000000604000000, 0x0000000604000000|100%| O|  |TAMS 0x0000000604000000, 0x0000000603e00000| Untracked 
|  32|0x0000000604000000, 0x0000000604200000, 0x0000000604200000|100%| O|  |TAMS 0x0000000604200000, 0x0000000604000000| Untracked 
|  33|0x0000000604200000, 0x0000000604400000, 0x0000000604400000|100%| O|  |TAMS 0x0000000604400000, 0x0000000604200000| Complete 
|  34|0x0000000604400000, 0x0000000604600000, 0x0000000604600000|100%| O|  |TAMS 0x0000000604600000, 0x0000000604400000| Complete 
|  35|0x0000000604600000, 0x0000000604800000, 0x0000000604800000|100%| O|  |TAMS 0x0000000604800000, 0x0000000604600000| Complete 
|  36|0x0000000604800000, 0x0000000604a00000, 0x0000000604a00000|100%| O|  |TAMS 0x0000000604a00000, 0x0000000604800000| Complete 
|  37|0x0000000604a00000, 0x0000000604c00000, 0x0000000604c00000|100%| O|  |TAMS 0x0000000604c00000, 0x0000000604a00000| Complete 
|  38|0x0000000604c00000, 0x0000000604e00000, 0x0000000604e00000|100%| O|  |TAMS 0x0000000604e00000, 0x0000000604c00000| Untracked 
|  39|0x0000000604e00000, 0x0000000605000000, 0x0000000605000000|100%| O|  |TAMS 0x0000000605000000, 0x0000000604e00000| Untracked 
|  40|0x0000000605000000, 0x0000000605200000, 0x0000000605200000|100%| O|  |TAMS 0x0000000605200000, 0x0000000605000000| Complete 
|  41|0x0000000605200000, 0x00000006053ffff8, 0x0000000605400000| 99%| O|  |TAMS 0x00000006053ffff8, 0x0000000605200000| Complete 
|  42|0x0000000605400000, 0x0000000605600000, 0x0000000605600000|100%| O|  |TAMS 0x0000000605600000, 0x0000000605400000| Untracked 
|  43|0x0000000605600000, 0x0000000605800000, 0x0000000605800000|100%| O|  |TAMS 0x0000000605800000, 0x0000000605600000| Complete 
|  44|0x0000000605800000, 0x0000000605a00000, 0x0000000605a00000|100%| O|  |TAMS 0x0000000605a00000, 0x0000000605800000| Untracked 
|  45|0x0000000605a00000, 0x0000000605c00000, 0x0000000605c00000|100%| O|  |TAMS 0x0000000605c00000, 0x0000000605a00000| Complete 
|  46|0x0000000605c00000, 0x0000000605e00000, 0x0000000605e00000|100%| O|  |TAMS 0x0000000605e00000, 0x0000000605c00000| Complete 
|  47|0x0000000605e00000, 0x0000000606000000, 0x0000000606000000|100%| O|  |TAMS 0x0000000606000000, 0x0000000605e00000| Untracked 
|  48|0x0000000606000000, 0x0000000606200000, 0x0000000606200000|100%| O|  |TAMS 0x0000000606200000, 0x0000000606000000| Complete 
|  49|0x0000000606200000, 0x0000000606400000, 0x0000000606400000|100%|HS|  |TAMS 0x0000000606400000, 0x0000000606200000| Complete 
|  50|0x0000000606400000, 0x0000000606600000, 0x0000000606600000|100%|HS|  |TAMS 0x0000000606600000, 0x0000000606400000| Complete 
|  51|0x0000000606600000, 0x0000000606800000, 0x0000000606800000|100%|HS|  |TAMS 0x0000000606800000, 0x0000000606600000| Complete 
|  52|0x0000000606800000, 0x0000000606a00000, 0x0000000606a00000|100%|HC|  |TAMS 0x0000000606a00000, 0x0000000606800000| Complete 
|  53|0x0000000606a00000, 0x0000000606c00000, 0x0000000606c00000|100%|HS|  |TAMS 0x0000000606c00000, 0x0000000606a00000| Complete 
|  54|0x0000000606c00000, 0x0000000606e00000, 0x0000000606e00000|100%|HC|  |TAMS 0x0000000606e00000, 0x0000000606c00000| Complete 
|  55|0x0000000606e00000, 0x0000000607000000, 0x0000000607000000|100%| O|  |TAMS 0x0000000607000000, 0x0000000606e00000| Untracked 
|  56|0x0000000607000000, 0x0000000607200000, 0x0000000607200000|100%| O|  |TAMS 0x0000000607200000, 0x0000000607000000| Complete 
|  57|0x0000000607200000, 0x0000000607400000, 0x0000000607400000|100%| O|  |TAMS 0x0000000607400000, 0x0000000607200000| Complete 
|  58|0x0000000607400000, 0x0000000607600000, 0x0000000607600000|100%| O|  |TAMS 0x0000000607600000, 0x0000000607400000| Complete 
|  59|0x0000000607600000, 0x0000000607800000, 0x0000000607800000|100%| O|  |TAMS 0x0000000607800000, 0x0000000607600000| Untracked 
|  60|0x0000000607800000, 0x0000000607a00000, 0x0000000607a00000|100%| O|  |TAMS 0x0000000607a00000, 0x0000000607800000| Complete 
|  61|0x0000000607a00000, 0x0000000607c00000, 0x0000000607c00000|100%| O|  |TAMS 0x0000000607c00000, 0x0000000607a00000| Complete 
|  62|0x0000000607c00000, 0x0000000607e00000, 0x0000000607e00000|100%| O|  |TAMS 0x0000000607e00000, 0x0000000607c00000| Complete 
|  63|0x0000000607e00000, 0x0000000608000000, 0x0000000608000000|100%| O|  |TAMS 0x0000000608000000, 0x0000000607e00000| Complete 
|  64|0x0000000608000000, 0x0000000608200000, 0x0000000608200000|100%| O|  |TAMS 0x0000000608200000, 0x0000000608000000| Complete 
|  65|0x0000000608200000, 0x0000000608400000, 0x0000000608400000|100%| O|  |TAMS 0x0000000608400000, 0x0000000608200000| Complete 
|  66|0x0000000608400000, 0x0000000608600000, 0x0000000608600000|100%| O|  |TAMS 0x0000000608600000, 0x0000000608400000| Complete 
|  67|0x0000000608600000, 0x0000000608800000, 0x0000000608800000|100%| O|  |TAMS 0x0000000608800000, 0x0000000608600000| Complete 
|  68|0x0000000608800000, 0x0000000608a00000, 0x0000000608a00000|100%| O|  |TAMS 0x000000060894f600, 0x0000000608800000| Untracked 
|  69|0x0000000608a00000, 0x0000000608c00000, 0x0000000608c00000|100%|HS|  |TAMS 0x0000000608a00000, 0x0000000608a00000| Complete 
|  70|0x0000000608c00000, 0x0000000608e00000, 0x0000000608e00000|100%|HC|  |TAMS 0x0000000608c00000, 0x0000000608c00000| Complete 
|  71|0x0000000608e00000, 0x0000000609000000, 0x0000000609000000|100%|HC|  |TAMS 0x0000000608e00000, 0x0000000608e00000| Complete 
|  72|0x0000000609000000, 0x0000000609200000, 0x0000000609200000|100%| O|  |TAMS 0x0000000609000000, 0x0000000609000000| Untracked 
|  73|0x0000000609200000, 0x0000000609400000, 0x0000000609400000|100%| O|  |TAMS 0x0000000609200000, 0x0000000609200000| Untracked 
|  74|0x0000000609400000, 0x0000000609600000, 0x0000000609600000|100%| O|  |TAMS 0x0000000609400000, 0x0000000609400000| Untracked 
|  75|0x0000000609600000, 0x00000006097c4a00, 0x0000000609800000| 88%| O|  |TAMS 0x0000000609600000, 0x0000000609600000| Untracked 
|  76|0x0000000609800000, 0x0000000609800000, 0x0000000609a00000|  0%| F|  |TAMS 0x0000000609800000, 0x0000000609800000| Untracked 
|  77|0x0000000609a00000, 0x0000000609a00000, 0x0000000609c00000|  0%| F|  |TAMS 0x0000000609a00000, 0x0000000609a00000| Untracked 
|  78|0x0000000609c00000, 0x0000000609c00000, 0x0000000609e00000|  0%| F|  |TAMS 0x0000000609c00000, 0x0000000609c00000| Untracked 
|  79|0x0000000609e00000, 0x0000000609e00000, 0x000000060a000000|  0%| F|  |TAMS 0x0000000609e00000, 0x0000000609e00000| Untracked 
|  80|0x000000060a000000, 0x000000060a000000, 0x000000060a200000|  0%| F|  |TAMS 0x000000060a000000, 0x000000060a000000| Untracked 
|  81|0x000000060a200000, 0x000000060a200000, 0x000000060a400000|  0%| F|  |TAMS 0x000000060a200000, 0x000000060a200000| Untracked 
|  82|0x000000060a400000, 0x000000060a400000, 0x000000060a600000|  0%| F|  |TAMS 0x000000060a400000, 0x000000060a400000| Untracked 
|  83|0x000000060a600000, 0x000000060a600000, 0x000000060a800000|  0%| F|  |TAMS 0x000000060a600000, 0x000000060a600000| Untracked 
|  84|0x000000060a800000, 0x000000060a800000, 0x000000060aa00000|  0%| F|  |TAMS 0x000000060a800000, 0x000000060a800000| Untracked 
|  85|0x000000060aa00000, 0x000000060aa00000, 0x000000060ac00000|  0%| F|  |TAMS 0x000000060aa00000, 0x000000060aa00000| Untracked 
|  86|0x000000060ac00000, 0x000000060ac00000, 0x000000060ae00000|  0%| F|  |TAMS 0x000000060ac00000, 0x000000060ac00000| Untracked 
|  87|0x000000060ae00000, 0x000000060ae00000, 0x000000060b000000|  0%| F|  |TAMS 0x000000060ae00000, 0x000000060ae00000| Untracked 
|  88|0x000000060b000000, 0x000000060b000000, 0x000000060b200000|  0%| F|  |TAMS 0x000000060b000000, 0x000000060b000000| Untracked 
|  89|0x000000060b200000, 0x000000060b200000, 0x000000060b400000|  0%| F|  |TAMS 0x000000060b200000, 0x000000060b200000| Untracked 
|  90|0x000000060b400000, 0x000000060b400000, 0x000000060b600000|  0%| F|  |TAMS 0x000000060b400000, 0x000000060b400000| Untracked 
|  91|0x000000060b600000, 0x000000060b600000, 0x000000060b800000|  0%| F|  |TAMS 0x000000060b600000, 0x000000060b600000| Untracked 
|  92|0x000000060b800000, 0x000000060b800000, 0x000000060ba00000|  0%| F|  |TAMS 0x000000060b800000, 0x000000060b800000| Untracked 
|  93|0x000000060ba00000, 0x000000060ba00000, 0x000000060bc00000|  0%| F|  |TAMS 0x000000060ba00000, 0x000000060ba00000| Untracked 
|  94|0x000000060bc00000, 0x000000060bc00000, 0x000000060be00000|  0%| F|  |TAMS 0x000000060bc00000, 0x000000060bc00000| Untracked 
|  95|0x000000060be00000, 0x000000060be00000, 0x000000060c000000|  0%| F|  |TAMS 0x000000060be00000, 0x000000060be00000| Untracked 
|  96|0x000000060c000000, 0x000000060c000000, 0x000000060c200000|  0%| F|  |TAMS 0x000000060c000000, 0x000000060c000000| Untracked 
|  97|0x000000060c200000, 0x000000060c200000, 0x000000060c400000|  0%| F|  |TAMS 0x000000060c200000, 0x000000060c200000| Untracked 
|  98|0x000000060c400000, 0x000000060c400000, 0x000000060c600000|  0%| F|  |TAMS 0x000000060c400000, 0x000000060c400000| Untracked 
|  99|0x000000060c600000, 0x000000060c600000, 0x000000060c800000|  0%| F|  |TAMS 0x000000060c600000, 0x000000060c600000| Untracked 
| 100|0x000000060c800000, 0x000000060c800000, 0x000000060ca00000|  0%| F|  |TAMS 0x000000060c800000, 0x000000060c800000| Untracked 
| 101|0x000000060ca00000, 0x000000060ca00000, 0x000000060cc00000|  0%| F|  |TAMS 0x000000060ca00000, 0x000000060ca00000| Untracked 
| 102|0x000000060cc00000, 0x000000060cc00000, 0x000000060ce00000|  0%| F|  |TAMS 0x000000060cc00000, 0x000000060cc00000| Untracked 
| 103|0x000000060ce00000, 0x000000060ce00000, 0x000000060d000000|  0%| F|  |TAMS 0x000000060ce00000, 0x000000060ce00000| Untracked 
| 104|0x000000060d000000, 0x000000060d000000, 0x000000060d200000|  0%| F|  |TAMS 0x000000060d000000, 0x000000060d000000| Untracked 
| 105|0x000000060d200000, 0x000000060d400000, 0x000000060d400000|100%| S|CS|TAMS 0x000000060d200000, 0x000000060d200000| Complete 
| 106|0x000000060d400000, 0x000000060d600000, 0x000000060d600000|100%| S|CS|TAMS 0x000000060d400000, 0x000000060d400000| Complete 
| 107|0x000000060d600000, 0x000000060d800000, 0x000000060d800000|100%| S|CS|TAMS 0x000000060d600000, 0x000000060d600000| Complete 
| 108|0x000000060d800000, 0x000000060da00000, 0x000000060da00000|100%| S|CS|TAMS 0x000000060d800000, 0x000000060d800000| Complete 
| 109|0x000000060da00000, 0x000000060dc00000, 0x000000060dc00000|100%| S|CS|TAMS 0x000000060da00000, 0x000000060da00000| Complete 
| 110|0x000000060dc00000, 0x000000060dc00000, 0x000000060de00000|  0%| F|  |TAMS 0x000000060dc00000, 0x000000060dc00000| Untracked 
| 111|0x000000060de00000, 0x000000060de00000, 0x000000060e000000|  0%| F|  |TAMS 0x000000060de00000, 0x000000060de00000| Untracked 
| 112|0x000000060e000000, 0x000000060e000000, 0x000000060e200000|  0%| F|  |TAMS 0x000000060e000000, 0x000000060e000000| Untracked 
| 113|0x000000060e200000, 0x000000060e200000, 0x000000060e400000|  0%| F|  |TAMS 0x000000060e200000, 0x000000060e200000| Untracked 
| 114|0x000000060e400000, 0x000000060e400000, 0x000000060e600000|  0%| F|  |TAMS 0x000000060e400000, 0x000000060e400000| Untracked 
| 115|0x000000060e600000, 0x000000060e600000, 0x000000060e800000|  0%| F|  |TAMS 0x000000060e600000, 0x000000060e600000| Untracked 
| 116|0x000000060e800000, 0x000000060e800000, 0x000000060ea00000|  0%| F|  |TAMS 0x000000060e800000, 0x000000060e800000| Untracked 
| 117|0x000000060ea00000, 0x000000060ea00000, 0x000000060ec00000|  0%| F|  |TAMS 0x000000060ea00000, 0x000000060ea00000| Untracked 
| 118|0x000000060ec00000, 0x000000060ec00000, 0x000000060ee00000|  0%| F|  |TAMS 0x000000060ec00000, 0x000000060ec00000| Untracked 
| 119|0x000000060ee00000, 0x000000060ee00000, 0x000000060f000000|  0%| F|  |TAMS 0x000000060ee00000, 0x000000060ee00000| Untracked 
| 120|0x000000060f000000, 0x000000060f000000, 0x000000060f200000|  0%| F|  |TAMS 0x000000060f000000, 0x000000060f000000| Untracked 
| 121|0x000000060f200000, 0x000000060f200000, 0x000000060f400000|  0%| F|  |TAMS 0x000000060f200000, 0x000000060f200000| Untracked 
| 122|0x000000060f400000, 0x000000060f400000, 0x000000060f600000|  0%| F|  |TAMS 0x000000060f400000, 0x000000060f400000| Untracked 
| 123|0x000000060f600000, 0x000000060f600000, 0x000000060f800000|  0%| F|  |TAMS 0x000000060f600000, 0x000000060f600000| Untracked 
| 124|0x000000060f800000, 0x000000060f800000, 0x000000060fa00000|  0%| F|  |TAMS 0x000000060f800000, 0x000000060f800000| Untracked 
| 125|0x000000060fa00000, 0x000000060fa00000, 0x000000060fc00000|  0%| F|  |TAMS 0x000000060fa00000, 0x000000060fa00000| Untracked 
| 126|0x000000060fc00000, 0x000000060fc00000, 0x000000060fe00000|  0%| F|  |TAMS 0x000000060fc00000, 0x000000060fc00000| Untracked 
| 127|0x000000060fe00000, 0x000000060fe00000, 0x0000000610000000|  0%| F|  |TAMS 0x000000060fe00000, 0x000000060fe00000| Untracked 
| 128|0x0000000610000000, 0x0000000610000000, 0x0000000610200000|  0%| F|  |TAMS 0x0000000610000000, 0x0000000610000000| Untracked 
| 129|0x0000000610200000, 0x0000000610200000, 0x0000000610400000|  0%| F|  |TAMS 0x0000000610200000, 0x0000000610200000| Untracked 
| 130|0x0000000610400000, 0x0000000610400000, 0x0000000610600000|  0%| F|  |TAMS 0x0000000610400000, 0x0000000610400000| Untracked 
| 131|0x0000000610600000, 0x0000000610600000, 0x0000000610800000|  0%| F|  |TAMS 0x0000000610600000, 0x0000000610600000| Untracked 
| 132|0x0000000610800000, 0x0000000610800000, 0x0000000610a00000|  0%| F|  |TAMS 0x0000000610800000, 0x0000000610800000| Untracked 
| 133|0x0000000610a00000, 0x0000000610a00000, 0x0000000610c00000|  0%| F|  |TAMS 0x0000000610a00000, 0x0000000610a00000| Untracked 
| 134|0x0000000610c00000, 0x0000000610c00000, 0x0000000610e00000|  0%| F|  |TAMS 0x0000000610c00000, 0x0000000610c00000| Untracked 
| 135|0x0000000610e00000, 0x0000000610e00000, 0x0000000611000000|  0%| F|  |TAMS 0x0000000610e00000, 0x0000000610e00000| Untracked 
| 136|0x0000000611000000, 0x0000000611000000, 0x0000000611200000|  0%| F|  |TAMS 0x0000000611000000, 0x0000000611000000| Untracked 
| 137|0x0000000611200000, 0x0000000611200000, 0x0000000611400000|  0%| F|  |TAMS 0x0000000611200000, 0x0000000611200000| Untracked 
| 138|0x0000000611400000, 0x0000000611400000, 0x0000000611600000|  0%| F|  |TAMS 0x0000000611400000, 0x0000000611400000| Untracked 

Card table byte_map: [0x0000022ef4fc0000,0x0000022ef5fc0000] _byte_map_base: 0x0000022ef1fc0000

Marking Bits (Prev, Next): (CMBitMap*) 0x0000022ec97d3808, (CMBitMap*) 0x0000022ec97d37c8
 Prev Bits: [0x0000022e80000000, 0x0000022e88000000)
 Next Bits: [0x0000022ef6fc0000, 0x0000022efefc0000)

Polling page: 0x0000022ec9810000

Metaspace:

Usage:
  Non-class:    130.38 MB capacity,   127.75 MB ( 98%) used,     2.16 MB (  2%) free+waste,   489.38 KB ( <1%) overhead. 
      Class:     20.05 MB capacity,    18.52 MB ( 92%) used,     1.31 MB (  7%) free+waste,   226.50 KB (  1%) overhead. 
       Both:    150.44 MB capacity,   146.27 MB ( 97%) used,     3.47 MB (  2%) free+waste,   715.88 KB ( <1%) overhead. 

Virtual space:
  Non-class space:      132.00 MB reserved,     130.50 MB ( 99%) committed 
      Class space:        1.00 GB reserved,      20.13 MB (  2%) committed 
             Both:        1.13 GB reserved,     150.63 MB ( 13%) committed 

Chunk freelists:
   Non-Class:  128 bytes
       Class:  0 bytes
        Both:  128 bytes

CodeHeap 'non-profiled nmethods': size=259264Kb used=11927Kb max_used=11927Kb free=247336Kb
 bounds [0x0000022ee3610000, 0x0000022ee41c0000, 0x0000022ef3340000]
CodeHeap 'profiled nmethods': size=259264Kb used=45817Kb max_used=45817Kb free=213446Kb
 bounds [0x0000022ed38e0000, 0x0000022ed65c0000, 0x0000022ee3610000]
CodeHeap 'non-nmethods': size=5760Kb used=2506Kb max_used=2558Kb free=3253Kb
 bounds [0x0000022ed3340000, 0x0000022ed35d0000, 0x0000022ed38e0000]
 total_blobs=25802 nmethods=17471 adapters=1051
 compilation: enabled
              stopped_count=0, restarted_count=0
 full_count=0

Compilation events (10 events):
Event: 93.041 Thread 0x0000022effbf6000 nmethod 19801 0x0000022ed65b7d90 code [0x0000022ed65b7f60, 0x0000022ed65b81d8]
Event: 93.050 Thread 0x0000022e8d078000 nmethod 19798 0x0000022ee41aba10 code [0x0000022ee41abbe0, 0x0000022ee41ac1b8]
Event: 93.069 Thread 0x0000022e8d078000 19802 %     4       org.jetbrains.kotlin.com.intellij.openapi.vfs.impl.ZipHandlerBase::buildEntryMapForZipFile @ 25 (91 bytes)
Event: 93.086 Thread 0x0000022e8d078000 nmethod 19802% 0x0000022ee41ac710 code [0x0000022ee41ac920, 0x0000022ee41ad1e8]
Event: 93.092 Thread 0x0000022e8d078000 19803       4       org.jetbrains.kotlin.com.intellij.openapi.vfs.impl.ZipHandlerBase::buildEntryMapForZipFile (91 bytes)
Event: 93.113 Thread 0x0000022e8d078000 nmethod 19803 0x0000022ee41ad890 code [0x0000022ee41adac0, 0x0000022ee41ae5c0]
Event: 93.203 Thread 0x0000022effbf5000 nmethod 19765 0x0000022ee41aed90 code [0x0000022ee41af1e0, 0x0000022ee41b3988]
Event: 93.214 Thread 0x0000022e8d078000 19804 %     4       org.jetbrains.kotlin.com.intellij.openapi.vfs.impl.jar.CoreJarHandler::<init> @ 64 (236 bytes)
Event: 93.225 Thread 0x0000022effbf6000 19805   !   3       org.gradle.cache.internal.DefaultCacheCoordinator::onEndWork (36 bytes)
Event: 93.226 Thread 0x0000022effbf6000 nmethod 19805 0x0000022ed65b8290 code [0x0000022ed65b8460, 0x0000022ed65b87d0]

GC Heap History (10 events):
Event: 79.856 GC heap after
{Heap after GC invocations=72 (full 0):
 garbage-first heap   total 235520K, used 142285K [0x0000000600000000, 0x0000000800000000)
  region size 2048K, 2 young (4096K), 2 survivors (4096K)
 Metaspace       used 140503K, capacity 143944K, committed 144128K, reserved 1175552K
  class space    used 17644K, capacity 18932K, committed 18944K, reserved 1048576K
}
Event: 81.324 GC heap before
{Heap before GC invocations=73 (full 0):
 garbage-first heap   total 243712K, used 191437K [0x0000000600000000, 0x0000000800000000)
  region size 2048K, 26 young (53248K), 2 survivors (4096K)
 Metaspace       used 143217K, capacity 146803K, committed 147072K, reserved 1177600K
  class space    used 18084K, capacity 19469K, committed 19584K, reserved 1048576K
}
Event: 81.333 GC heap after
{Heap after GC invocations=74 (full 0):
 garbage-first heap   total 243712K, used 138167K [0x0000000600000000, 0x0000000800000000)
  region size 2048K, 3 young (6144K), 3 survivors (6144K)
 Metaspace       used 143217K, capacity 146803K, committed 147072K, reserved 1177600K
  class space    used 18084K, capacity 19469K, committed 19584K, reserved 1048576K
}
Event: 83.085 GC heap before
{Heap before GC invocations=74 (full 0):
 garbage-first heap   total 243712K, used 191415K [0x0000000600000000, 0x0000000800000000)
  region size 2048K, 30 young (61440K), 3 survivors (6144K)
 Metaspace       used 145991K, capacity 149751K, committed 150016K, reserved 1179648K
  class space    used 18477K, capacity 19942K, committed 19968K, reserved 1048576K
}
Event: 83.101 GC heap after
{Heap after GC invocations=75 (full 0):
 garbage-first heap   total 243712K, used 143181K [0x0000000600000000, 0x0000000800000000)
  region size 2048K, 4 young (8192K), 4 survivors (8192K)
 Metaspace       used 145991K, capacity 149751K, committed 150016K, reserved 1179648K
  class space    used 18477K, capacity 19942K, committed 19968K, reserved 1048576K
}
Event: 88.775 GC heap before
{Heap before GC invocations=76 (full 0):
 garbage-first heap   total 260096K, used 194381K [0x0000000600000000, 0x0000000800000000)
  region size 2048K, 29 young (59392K), 4 survivors (8192K)
 Metaspace       used 149058K, capacity 153142K, committed 153344K, reserved 1181696K
  class space    used 18923K, capacity 20465K, committed 20480K, reserved 1048576K
}
Event: 88.787 GC heap after
{Heap after GC invocations=77 (full 0):
 garbage-first heap   total 260096K, used 143826K [0x0000000600000000, 0x0000000800000000)
  region size 2048K, 2 young (4096K), 2 survivors (4096K)
 Metaspace       used 149058K, capacity 153142K, committed 153344K, reserved 1181696K
  class space    used 18923K, capacity 20465K, committed 20480K, reserved 1048576K
}
Event: 92.257 GC heap before
{Heap before GC invocations=77 (full 0):
 garbage-first heap   total 260096K, used 205266K [0x0000000600000000, 0x0000000800000000)
  region size 2048K, 32 young (65536K), 2 survivors (4096K)
 Metaspace       used 149696K, capacity 153969K, committed 154240K, reserved 1183744K
  class space    used 18965K, capacity 20534K, committed 20608K, reserved 1048576K
}
Event: 92.281 GC heap after
{Heap after GC invocations=78 (full 0):
 garbage-first heap   total 260096K, used 147538K [0x0000000600000000, 0x0000000800000000)
  region size 2048K, 4 young (8192K), 4 survivors (8192K)
 Metaspace       used 149696K, capacity 153969K, committed 154240K, reserved 1183744K
  class space    used 18965K, capacity 20534K, committed 20608K, reserved 1048576K
}
Event: 93.256 GC heap before
{Heap before GC invocations=79 (full 0):
 garbage-first heap   total 284672K, used 211026K [0x0000000600000000, 0x0000000800000000)
  region size 2048K, 33 young (67584K), 4 survivors (8192K)
 Metaspace       used 149782K, capacity 154047K, committed 154240K, reserved 1183744K
  class space    used 18968K, capacity 20536K, committed 20608K, reserved 1048576K
}

Deoptimization events (10 events):
Event: 90.400 Thread 0x0000022e8c082800 Uncommon trap: reason=bimorphic_or_optimized_type_check action=maybe_recompile pc=0x0000022ee396b83c method=java.util.stream.MatchOps$MatchOp.evaluateSequential(Ljava/util/stream/PipelineHelper;Ljava/util/Spliterator;)Ljava/lang/Boolean; @ 14 c2
Event: 91.298 Thread 0x0000022e8c082800 Uncommon trap: reason=profile_predicate action=maybe_recompile pc=0x0000022ee415dae0 method=org.gradle.api.internal.attributes.DefaultImmutableAttributesFactory.doConcatIsolatable(Lorg/gradle/api/internal/attributes/ImmutableAttributes;Lorg/gradle/api/att
Event: 91.298 Thread 0x0000022e8c082800 Uncommon trap: reason=profile_predicate action=maybe_recompile pc=0x0000022ee415dae0 method=org.gradle.api.internal.attributes.DefaultImmutableAttributesFactory.doConcatIsolatable(Lorg/gradle/api/internal/attributes/ImmutableAttributes;Lorg/gradle/api/att
Event: 91.298 Thread 0x0000022e8c082800 Uncommon trap: reason=profile_predicate action=maybe_recompile pc=0x0000022ee415dae0 method=org.gradle.api.internal.attributes.DefaultImmutableAttributesFactory.doConcatIsolatable(Lorg/gradle/api/internal/attributes/ImmutableAttributes;Lorg/gradle/api/att
Event: 91.298 Thread 0x0000022e8c082800 Uncommon trap: reason=profile_predicate action=maybe_recompile pc=0x0000022ee415dae0 method=org.gradle.api.internal.attributes.DefaultImmutableAttributesFactory.doConcatIsolatable(Lorg/gradle/api/internal/attributes/ImmutableAttributes;Lorg/gradle/api/att
Event: 92.219 Thread 0x0000022e8c082800 Uncommon trap: reason=class_check action=maybe_recompile pc=0x0000022ee39792bc method=java.lang.Throwable.<init>(Ljava/lang/String;Ljava/lang/Throwable;)V @ 24 c2
Event: 93.033 Thread 0x0000022e8c082800 Uncommon trap: reason=unstable_if action=reinterpret pc=0x0000022ee3ca0254 method=org.jetbrains.kotlin.com.intellij.openapi.progress.ProgressManager.checkCanceled()V @ 5 c2
Event: 93.035 Thread 0x0000022e8c082800 Uncommon trap: reason=unstable_if action=reinterpret pc=0x0000022ee3f6f284 method=org.jetbrains.kotlin.com.intellij.openapi.progress.ProgressManager.checkCanceled()V @ 5 c2
Event: 93.035 Thread 0x0000022e8c082800 Uncommon trap: reason=unstable_if action=reinterpret pc=0x0000022ee3779a54 method=org.jetbrains.kotlin.com.intellij.openapi.progress.ProgressManager.checkCanceled()V @ 5 c2
Event: 93.039 Thread 0x0000022e8c082800 Uncommon trap: reason=unstable_if action=reinterpret pc=0x0000022ee3c1db50 method=jdk.internal.jrtfs.JrtPath.normalize(Ljava/lang/String;)Ljava/lang/String; @ 6 c2

Classes redefined (0 events):
No events

Internal exceptions (10 events):
Event: 90.358 Thread 0x0000022e8c082800 Exception <a 'sun/nio/fs/WindowsException'{0x000000060d577360}> (0x000000060d577360) thrown at [t:/workspace/open/src/hotspot/share/prims/jni.cpp, line 615]
Event: 90.364 Thread 0x0000022e8c082800 Exception <a 'sun/nio/fs/WindowsException'{0x000000060d5788c8}> (0x000000060d5788c8) thrown at [t:/workspace/open/src/hotspot/share/prims/jni.cpp, line 615]
Event: 90.372 Thread 0x0000022e8c082800 Exception <a 'sun/nio/fs/WindowsException'{0x000000060d579e30}> (0x000000060d579e30) thrown at [t:/workspace/open/src/hotspot/share/prims/jni.cpp, line 615]
Event: 90.374 Thread 0x0000022e8c082800 Exception <a 'sun/nio/fs/WindowsException'{0x000000060d57b370}> (0x000000060d57b370) thrown at [t:/workspace/open/src/hotspot/share/prims/jni.cpp, line 615]
Event: 90.485 Thread 0x0000022e8c082800 Exception <a 'sun/nio/fs/WindowsException'{0x000000060d337188}> (0x000000060d337188) thrown at [t:/workspace/open/src/hotspot/share/prims/jni.cpp, line 615]
Event: 90.486 Thread 0x0000022e8c082800 Exception <a 'sun/nio/fs/WindowsException'{0x000000060d338ee8}> (0x000000060d338ee8) thrown at [t:/workspace/open/src/hotspot/share/prims/jni.cpp, line 615]
Event: 90.487 Thread 0x0000022e8c082800 Exception <a 'sun/nio/fs/WindowsException'{0x000000060d33ac48}> (0x000000060d33ac48) thrown at [t:/workspace/open/src/hotspot/share/prims/jni.cpp, line 615]
Event: 90.488 Thread 0x0000022e8c082800 Exception <a 'sun/nio/fs/WindowsException'{0x000000060d33c980}> (0x000000060d33c980) thrown at [t:/workspace/open/src/hotspot/share/prims/jni.cpp, line 615]
Event: 93.024 Thread 0x0000022e8c082800 Exception <a 'sun/nio/fs/WindowsException'{0x0000000610a15830}> (0x0000000610a15830) thrown at [t:/workspace/open/src/hotspot/share/prims/jni.cpp, line 615]
Event: 93.024 Thread 0x0000022e8c082800 Exception <a 'sun/nio/fs/WindowsException'{0x0000000610a17860}> (0x0000000610a17860) thrown at [t:/workspace/open/src/hotspot/share/prims/jni.cpp, line 615]

Events (10 events):
Event: 93.035 Thread 0x0000022e8c082800 DEOPT UNPACKING pc=0x0000022ed334802f sp=0x0000005379cf2f30 mode 2
Event: 93.035 Thread 0x0000022e8c082800 Uncommon trap: trap_request=0xffffff4d fr.pc=0x0000022ee3779a54 relative=0x00000000000002d4
Event: 93.035 Thread 0x0000022e8c082800 DEOPT PACKING pc=0x0000022ee3779a54 sp=0x0000005379cf2cc0
Event: 93.035 Thread 0x0000022e8c082800 DEOPT UNPACKING pc=0x0000022ed334802f sp=0x0000005379cf2c78 mode 2
Event: 93.039 Thread 0x0000022e8c082800 Uncommon trap: trap_request=0xffffff4d fr.pc=0x0000022ee3c1db50 relative=0x0000000000000190
Event: 93.039 Thread 0x0000022e8c082800 DEOPT PACKING pc=0x0000022ee3c1db50 sp=0x0000005379cf3880
Event: 93.039 Thread 0x0000022e8c082800 DEOPT UNPACKING pc=0x0000022ed334802f sp=0x0000005379cf3808 mode 2
Event: 93.092 Thread 0x0000022e8c082800 DEOPT PACKING pc=0x0000022ed5ad670f sp=0x0000005379cf35b0
Event: 93.092 Thread 0x0000022e8c082800 DEOPT UNPACKING pc=0x0000022ed336b1de sp=0x0000005379cf2b20 mode 0
Event: 93.256 Executing VM operation: G1CollectForAllocation


Dynamic libraries:
0x00007ff750bf0000 - 0x00007ff750bff000 	C:\Program Files (x86)\Java\jdk-12\bin\java.exe
0x00007ffd057a0000 - 0x00007ffd05a07000 	C:\WINDOWS\SYSTEM32\ntdll.dll
0x00007ffd04ad0000 - 0x00007ffd04b99000 	C:\WINDOWS\System32\KERNEL32.DLL
0x00007ffd02c20000 - 0x00007ffd03010000 	C:\WINDOWS\System32\KERNELBASE.dll
0x00007ffcff430000 - 0x00007ffcff4ce000 	C:\WINDOWS\SYSTEM32\apphelp.dll
0x00007ffd030e0000 - 0x00007ffd0322b000 	C:\WINDOWS\System32\ucrtbase.dll
0x00007ffc8d1b0000 - 0x00007ffc8d1c6000 	C:\Program Files (x86)\Java\jdk-12\bin\VCRUNTIME140.dll
0x00007ffc8dbd0000 - 0x00007ffc8dbe8000 	C:\Program Files (x86)\Java\jdk-12\bin\jli.dll
0x00007ffd035d0000 - 0x00007ffd03684000 	C:\WINDOWS\System32\ADVAPI32.dll
0x00007ffd056b0000 - 0x00007ffd05759000 	C:\WINDOWS\System32\msvcrt.dll
0x00007ffd038b0000 - 0x00007ffd03956000 	C:\WINDOWS\System32\sechost.dll
0x00007ffd049b0000 - 0x00007ffd04ac8000 	C:\WINDOWS\System32\RPCRT4.dll
0x00007ffd047a0000 - 0x00007ffd04965000 	C:\WINDOWS\System32\USER32.dll
0x00007ffce4e20000 - 0x00007ffce50ba000 	C:\WINDOWS\WinSxS\amd64_microsoft.windows.common-controls_6595b64144ccf1df_6.0.26100.4768_none_3e0c112ce331287c\COMCTL32.dll
0x00007ffd028d0000 - 0x00007ffd028f7000 	C:\WINDOWS\System32\win32u.dll
0x00007ffd03970000 - 0x00007ffd0399b000 	C:\WINDOWS\System32\GDI32.dll
0x00007ffd02900000 - 0x00007ffd02a38000 	C:\WINDOWS\System32\gdi32full.dll
0x00007ffd02ad0000 - 0x00007ffd02b73000 	C:\WINDOWS\System32\msvcp_win.dll
0x00007ffcf41a0000 - 0x00007ffcf41ab000 	C:\WINDOWS\SYSTEM32\VERSION.dll
0x00007ffd04970000 - 0x00007ffd0499f000 	C:\WINDOWS\System32\IMM32.DLL
0x00007ffc634c0000 - 0x00007ffc6356a000 	C:\Program Files (x86)\Java\jdk-12\bin\msvcp140.dll
0x00007ffc34320000 - 0x00007ffc34e94000 	C:\Program Files (x86)\Java\jdk-12\bin\server\jvm.dll
0x00007ffd03530000 - 0x00007ffd03538000 	C:\WINDOWS\System32\PSAPI.DLL
0x00007ffcf9360000 - 0x00007ffcf9395000 	C:\WINDOWS\SYSTEM32\WINMM.dll
0x00007ffccce10000 - 0x00007ffccce1a000 	C:\WINDOWS\SYSTEM32\WSOCK32.dll
0x00007ffd04bb0000 - 0x00007ffd04c24000 	C:\WINDOWS\System32\WS2_32.dll
0x00007ffd01650000 - 0x00007ffd0166b000 	C:\WINDOWS\SYSTEM32\kernel.appcore.dll
0x00007ffc8d040000 - 0x00007ffc8d051000 	C:\Program Files (x86)\Java\jdk-12\bin\verify.dll
0x00007ffcffa70000 - 0x00007ffcffcb1000 	C:\WINDOWS\SYSTEM32\DBGHELP.DLL
0x00007ffd03b50000 - 0x00007ffd03ed5000 	C:\WINDOWS\System32\combase.dll
0x00007ffd055c0000 - 0x00007ffd056a0000 	C:\WINDOWS\System32\OLEAUT32.dll
0x00007ffcd9c70000 - 0x00007ffcd9cb3000 	C:\WINDOWS\SYSTEM32\dbgcore.DLL
0x00007ffd02b80000 - 0x00007ffd02c19000 	C:\WINDOWS\System32\bcryptPrimitives.dll
0x00007ffc8ccb0000 - 0x00007ffc8ccd6000 	C:\Program Files (x86)\Java\jdk-12\bin\java.dll
0x00007ffcdefd0000 - 0x00007ffcdefde000 	C:\Program Files (x86)\Java\jdk-12\bin\instrument.dll
0x00007ffc8d020000 - 0x00007ffc8d037000 	C:\Program Files (x86)\Java\jdk-12\bin\zip.dll
0x00007ffcced40000 - 0x00007ffcced4a000 	C:\Program Files (x86)\Java\jdk-12\bin\jimage.dll
0x00007ffd04da0000 - 0x00007ffd054ed000 	C:\WINDOWS\System32\SHELL32.dll
0x00007ffd03230000 - 0x00007ffd033a3000 	C:\WINDOWS\System32\wintypes.dll
0x00007ffd004d0000 - 0x00007ffd00d2f000 	C:\WINDOWS\SYSTEM32\windows.storage.dll
0x00007ffd03ee0000 - 0x00007ffd03fd5000 	C:\WINDOWS\System32\SHCORE.dll
0x00007ffd03690000 - 0x00007ffd036fa000 	C:\WINDOWS\System32\shlwapi.dll
0x00007ffd027f0000 - 0x00007ffd02819000 	C:\WINDOWS\SYSTEM32\profapi.dll
0x00007ffc83cb0000 - 0x00007ffc83cc9000 	C:\Program Files (x86)\Java\jdk-12\bin\net.dll
0x00007ffcf4070000 - 0x00007ffcf418e000 	C:\WINDOWS\SYSTEM32\WINHTTP.dll
0x00007ffcee010000 - 0x00007ffcee1f5000 	C:\WINDOWS\SYSTEM32\urlmon.dll
0x00007ffcedd40000 - 0x00007ffcee00a000 	C:\WINDOWS\SYSTEM32\iertutil.dll
0x00007ffcedd10000 - 0x00007ffcedd39000 	C:\WINDOWS\SYSTEM32\srvcli.dll
0x00007ffd00fc0000 - 0x00007ffd00fcd000 	C:\WINDOWS\SYSTEM32\netutils.dll
0x00007ffd01be0000 - 0x00007ffd01c4b000 	C:\WINDOWS\system32\mswsock.dll
0x00007ffc83c90000 - 0x00007ffc83ca3000 	C:\Program Files (x86)\Java\jdk-12\bin\nio.dll
0x00007ffc65cc0000 - 0x00007ffc65ce7000 	C:\Users\hp\.gradle\native\c067742578af261105cb4f569cf0c3c89f3d7b1fecec35dd04571415982c5e48\windows-amd64\native-platform.dll
0x00007ffc2eb50000 - 0x00007ffc2ec94000 	C:\Users\hp\.gradle\native\100fb08df4bc3b14c8652ba06237920a3bd2aa13389f12d3474272988ae205f9\windows-amd64\native-platform-file-events.dll
0x00007ffcdf010000 - 0x00007ffcdf019000 	C:\Program Files (x86)\Java\jdk-12\bin\management.dll
0x00007ffcdf000000 - 0x00007ffcdf00c000 	C:\Program Files (x86)\Java\jdk-12\bin\management_ext.dll
0x00007ffd01ea0000 - 0x00007ffd01ebb000 	C:\WINDOWS\SYSTEM32\CRYPTSP.dll
0x00007ffd015b0000 - 0x00007ffd015eb000 	C:\WINDOWS\system32\rsaenh.dll
0x00007ffd01c80000 - 0x00007ffd01cab000 	C:\WINDOWS\SYSTEM32\USERENV.dll
0x00007ffd027c0000 - 0x00007ffd027e6000 	C:\WINDOWS\SYSTEM32\bcrypt.dll
0x00007ffd01ec0000 - 0x00007ffd01ecc000 	C:\WINDOWS\SYSTEM32\CRYPTBASE.dll
0x00007ffd01110000 - 0x00007ffd01143000 	C:\WINDOWS\SYSTEM32\IPHLPAPI.DLL
0x00007ffd04ba0000 - 0x00007ffd04baa000 	C:\WINDOWS\System32\NSI.dll
0x00007ffcfc250000 - 0x00007ffcfc26f000 	C:\WINDOWS\SYSTEM32\dhcpcsvc6.DLL
0x00007ffcfc1b0000 - 0x00007ffcfc1d5000 	C:\WINDOWS\SYSTEM32\dhcpcsvc.DLL
0x00007ffd01200000 - 0x00007ffd01326000 	C:\WINDOWS\SYSTEM32\DNSAPI.dll
0x00007ffce0d00000 - 0x00007ffce0d18000 	C:\WINDOWS\system32\napinsp.dll
0x00007ffce0560000 - 0x00007ffce0572000 	C:\WINDOWS\System32\winrnr.dll
0x00007ffcd2ba0000 - 0x00007ffcd2bd0000 	C:\WINDOWS\system32\nlansp_c.dll
0x00007ffcd22c0000 - 0x00007ffcd22e0000 	C:\WINDOWS\system32\wshbth.dll
0x00007ffcf41b0000 - 0x00007ffcf41bb000 	C:\Windows\System32\rasadhlp.dll
0x00007ffcfca60000 - 0x00007ffcfcae6000 	C:\WINDOWS\System32\fwpuclnt.dll
0x00007ffcdefe0000 - 0x00007ffcdeffe000 	C:\Users\hp\AppData\Local\Temp\native-platform12188596213686821912dir\native-platform.dll

dbghelp: loaded successfully - version: 4.0.5 - missing functions: none
symbol engine: initialized successfully - sym options: 0x614 - pdb path: .;C:\Program Files (x86)\Java\jdk-12\bin;C:\WINDOWS\SYSTEM32;C:\WINDOWS\WinSxS\amd64_microsoft.windows.common-controls_6595b64144ccf1df_6.0.26100.4768_none_3e0c112ce331287c;C:\Program Files (x86)\Java\jdk-12\bin\server;C:\Users\hp\.gradle\native\c067742578af261105cb4f569cf0c3c89f3d7b1fecec35dd04571415982c5e48\windows-amd64;C:\Users\hp\.gradle\native\100fb08df4bc3b14c8652ba06237920a3bd2aa13389f12d3474272988ae205f9\windows-amd64;C:\Users\hp\AppData\Local\Temp\native-platform12188596213686821912dir

VM Arguments:
jvm_args: -XX:MaxMetaspaceSize=4G -XX:ReservedCodeCacheSize=512m -XX:+HeapDumpOnOutOfMemoryError --add-opens=java.base/java.util=ALL-UNNAMED --add-opens=java.base/java.lang=ALL-UNNAMED --add-opens=java.base/java.lang.invoke=ALL-UNNAMED --add-opens=java.prefs/java.util.prefs=ALL-UNNAMED --add-exports=jdk.compiler/com.sun.tools.javac.api=ALL-UNNAMED --add-exports=jdk.compiler/com.sun.tools.javac.util=ALL-UNNAMED --add-opens=java.base/java.nio.charset=ALL-UNNAMED --add-opens=java.base/java.net=ALL-UNNAMED --add-opens=java.base/java.util.concurrent.atomic=ALL-UNNAMED -Xmx8G -Dfile.encoding=utf8 -Duser.country=US -Duser.language=en -Duser.variant -javaagent:C:\Users\hp\.gradle\wrapper\dists\gradle-8.10.2-all\7iv73wktx1xtkvlq19urqw1wm\gradle-8.10.2\lib\agents\gradle-instrumentation-agent-8.10.2.jar 
java_command: org.gradle.launcher.daemon.bootstrap.GradleDaemon 8.10.2
java_class_path (initial): C:\Users\hp\.gradle\wrapper\dists\gradle-8.10.2-all\7iv73wktx1xtkvlq19urqw1wm\gradle-8.10.2\lib\gradle-daemon-main-8.10.2.jar
Launcher Type: SUN_STANDARD

[Global flags]
     intx CICompilerCount                          = 4                                         {product} {ergonomic}
     uint ConcGCThreads                            = 2                                         {product} {ergonomic}
     uint G1ConcRefinementThreads                  = 8                                         {product} {ergonomic}
   size_t G1HeapRegionSize                         = 2097152                                   {product} {ergonomic}
    uintx GCDrainStackTargetSize                   = 64                                        {product} {ergonomic}
     bool HeapDumpOnOutOfMemoryError               = true                                   {manageable} {command line}
   size_t InitialHeapSize                          = 264241152                                 {product} {ergonomic}
   size_t MarkStackSize                            = 4194304                                   {product} {ergonomic}
   size_t MaxHeapSize                              = 8589934592                                {product} {command line}
   size_t MaxMetaspaceSize                         = 4294967296                                {product} {command line}
   size_t MaxNewSize                               = 5152702464                                {product} {ergonomic}
   size_t MinHeapDeltaBytes                        = 2097152                                   {product} {ergonomic}
    uintx NonNMethodCodeHeapSize                   = 5836300                                {pd product} {ergonomic}
    uintx NonProfiledCodeHeapSize                  = 265517306                              {pd product} {ergonomic}
    uintx ProfiledCodeHeapSize                     = 265517306                              {pd product} {ergonomic}
    uintx ReservedCodeCacheSize                    = 536870912                              {pd product} {command line}
     bool SegmentedCodeCache                       = true                                      {product} {ergonomic}
     bool UseCompressedClassPointers               = true                                 {lp64_product} {ergonomic}
     bool UseCompressedOops                        = true                                 {lp64_product} {ergonomic}
     bool UseG1GC                                  = true                                      {product} {ergonomic}
     bool UseLargePagesIndividualAllocation        = false                                  {pd product} {ergonomic}

Logging:
Log output configuration:
 #0: stdout all=warning uptime,level,tags
 #1: stderr all=off uptime,level,tags

Environment Variables:
JAVA_HOME=C:\Program Files (x86)\Java\jdk-12
PATH=C:\Program Files\Common Files\Oracle\Java\javapath;C:\oraclexe\app\oracle\product\11.2.0\server\bin;C:\Windows\system32;C:\Windows;C:\Windows\System32\Wbem;C:\Windows\System32\WindowsPowerShell\v1.0\;C:\Windows\System32\OpenSSH\;C:\Program Files (x86)\NVIDIA Corporation\PhysX\Common;C:\Program Files\NVIDIA Corporation\NVIDIA NvDLISR;C:\Program Files\Git\cmd;C:\Program Files\Microsoft SQL Server\130\Tools\Binn\;C:\chromedriver_win32\chromedriver.exe;C:\Users\Test\Desktop\jdk-17_windows-x64_bin\jdk-17.0.3\bin;C:\Users\Test\Gardle\gradle-7.4.2-all\gradle-7.4.2\bin;C:\Program Files\nodejs\;C:\Users\hp\AppData\Local\Pub\Cache\bin;C:\xampp\php;C:\ProgramData\ComposerSetup\bin;C:\Users\hp\.dnx\bin;C:\Program Files\Microsoft DNX\Dnvm\;C:\Program Files\Microsoft SQL Server\120\Tools\Binn\;C:\Program Files\Microsoft SQL Server\150\Tools\Binn\;C:\Program Files\Microsoft SQL Server\Client SDK\ODBC\170\Tools\Binn\;C:\Program Files\dotnet\;C:\Program Files (x86)\Windows Kits\10\Windows Performance Toolkit\;C:\WINDOWS\system32;C:\WINDOWS;C:\WINDOWS\System32\Wbem;C:\WINDOWS\System32\WindowsPowerShell\v1.0\;C:\WINDOWS\System32\OpenSSH\;C:\dart-sdk\bin;C:\Users\hp\AppData\Local\Programs\Python\Python311\Scripts\;C:\Users\hp\AppData\Local\Programs\Python\Python311\;C:\Users\hp\AppData\Local\Programs\Python\Python313\Scripts\;C:\Users\hp\AppData\Local\Programs\Python\Python313\;C:\Users\hp\AppData\Local\Programs\Python\Python312\Scripts\;C:\Users\hp\AppData\Local\Programs\Python\Python312\;C:\Program Files\Common Files\Oracle\Java\javapath;C:\oraclexe\app\oracle\product\11.2.0\server\bin;C:\Windows\system32;C:\Windows;C:\Windows\System32\Wbem;C:\Windows\System32\WindowsPowerShell\v1.0\;C:\Windows\System32\OpenSSH\;C:\Program Files (x86)\NVIDIA Corporation\PhysX\Common;C:\Program Files\NVIDIA Corporation\NVIDIA NvDLISR;C:\Program Files\Git\cmd;C:\Program Files\Microsoft SQL Server\130\Tools\Binn\;C:\chromedriver_win32\chromedriver.exe;C:\Users\Test\Desktop\jdk-17_windows-x64_bin\jdk-1
USERNAME=hp
OS=Windows_NT
PROCESSOR_IDENTIFIER=Intel64 Family 6 Model 140 Stepping 1, GenuineIntel



---------------  S Y S T E M  ---------------

OS: Windows 10 , 64 bit Build 26100 (10.0.26100.4768)

CPU:total 8 (initial active 8) (4 cores per cpu, 2 threads per core) family 6 model 140 stepping 1, cmov, cx8, fxsr, mmx, sse, sse2, sse3, ssse3, sse4.1, sse4.2, popcnt, avx, avx2, aes, clmul, erms, 3dnowpref, lzcnt, ht, tsc, tscinvbit, bmi1, bmi2, adx, evex, sha, fma

Memory: 4k page, system-wide physical 16124M (787M free)
TotalPageFile size 25702M (AvailPageFile size 23M)
current process WorkingSet (physical memory assigned to process): 685M, peak: 685M
current process commit charge ("private bytes"): 718M, peak: 774M

vm_info: Java HotSpot(TM) 64-Bit Server VM (12+33) for windows-amd64 JRE (12+33), built on Feb 21 2019 02:31:50 by "mach5one" with MS VC++ 15.5 (VS2017)

END.
