#
# There is insufficient memory for the Java Runtime Environment to continue.
# Native memory allocation (mmap) failed to map 264241152 bytes for G1 virtual space
# Possible reasons:
#   The system is out of physical RAM or swap space
#   The process is running with CompressedOops enabled, and the Java Heap may be blocking the growth of the native heap
# Possible solutions:
#   Reduce memory load on the system
#   Increase physical memory or swap space
#   Check if swap backing store is full
#   Decrease Java heap size (-Xmx/-Xms)
#   Decrease number of Java threads
#   Decrease Java thread stack sizes (-Xss)
#   Set larger code cache with -XX:ReservedCodeCacheSize=
#   JVM is running with Zero Based Compressed Oops mode in which the Java heap is
#     placed in the first 32GB address space. The Java Heap base address is the
#     maximum limit for the native heap growth. Please use -XX:HeapBaseMinAddress
#     to set the Java Heap base and to place the Java Heap above 32GB virtual address.
# This output file may be truncated or incomplete.
#
#  Out of Memory Error (os_windows.cpp:3769), pid=5568, tid=12244
#
# JRE version:  (17.0.6) (build )
# Java VM: OpenJDK 64-Bit Server VM (17.0.6+0-b2043.56-9586694, mixed mode, sharing, tiered, compressed oops, compressed class ptrs, g1 gc, windows-amd64)
# No core dump will be written. Minidumps are not enabled by default on client versions of Windows
#

---------------  S U M M A R Y ------------

Command Line: 

Host: 11th Gen Intel(R) Core(TM) i7-1165G7 @ 2.80GHz, 8 cores, 15G,  Windows 11 , 64 bit Build 26100 (10.0.26100.4768)
Time: Sat Aug  9 10:21:37 2025 West Bank Gaza Daylight Time elapsed time: 0.019255 seconds (0d 0h 0m 0s)

---------------  T H R E A D  ---------------

Current thread (0x0000021f29442090):  JavaThread "Unknown thread" [_thread_in_vm, id=12244, stack(0x000000b093e00000,0x000000b093f00000)]

Stack: [0x000000b093e00000,0x000000b093f00000]
Native frames: (J=compiled Java code, j=interpreted, Vv=VM code, C=native code)
V  [jvm.dll+0x683b4a]
V  [jvm.dll+0x842654]
V  [jvm.dll+0x843dfe]
V  [jvm.dll+0x844463]
V  [jvm.dll+0x249b75]
V  [jvm.dll+0x680a19]
V  [jvm.dll+0x674f0a]
V  [jvm.dll+0x309acb]
V  [jvm.dll+0x310f86]
V  [jvm.dll+0x3608ee]
V  [jvm.dll+0x360b1f]
V  [jvm.dll+0x2dfbf8]
V  [jvm.dll+0x2e0b64]
V  [jvm.dll+0x813f41]
V  [jvm.dll+0x36e6a1]
V  [jvm.dll+0x7f347c]
V  [jvm.dll+0x3f0e8f]
V  [jvm.dll+0x3f29d1]
C  [jli.dll+0x526b]
C  [ucrtbase.dll+0x37b0]
C  [KERNEL32.DLL+0x2e8d7]
C  [ntdll.dll+0x3c34c]


---------------  P R O C E S S  ---------------

Threads class SMR info:
_java_thread_list=0x00007ffc0ce9c058, length=0, elements={
}

Java Threads: ( => current thread )

Other Threads:
  0x0000021f294ae4d0 GCTaskThread "GC Thread#0" [stack: 0x000000b093f00000,0x000000b094000000] [id=25844]
  0x0000021f294bf170 ConcurrentGCThread "G1 Main Marker" [stack: 0x000000b094000000,0x000000b094100000] [id=17732]
  0x0000021f294c1ea0 ConcurrentGCThread "G1 Conc#0" [stack: 0x000000b094100000,0x000000b094200000] [id=5536]

[error occurred during error reporting (printing all threads), id 0xc0000005, EXCEPTION_ACCESS_VIOLATION (0xc0000005) at pc=0x00007ffc0c650797]

VM state: not at safepoint (not fully initialized)

VM Mutex/Monitor currently owned by a thread:  ([mutex/lock_event])
[0x0000021f2943f6b0] Heap_lock - owner thread: 0x0000021f29442090

Heap address: 0x0000000704000000, size: 4032 MB, Compressed Oops mode: Zero based, Oop shift amount: 3

CDS archive(s) mapped at: [0x0000000000000000-0x0000000000000000-0x0000000000000000), size 0, SharedBaseAddress: 0x0000000800000000, ArchiveRelocationMode: 0.
Narrow klass base: 0x0000000000000000, Narrow klass shift: 0, Narrow klass range: 0x0

GC Precious Log:
<Empty>

Heap:
 garbage-first heap   total 0K, used 0K [0x0000000704000000, 0x0000000800000000)
  region size 2048K, 0 young (0K), 0 survivors (0K)

[error occurred during error reporting (printing heap information), id 0xc0000005, EXCEPTION_ACCESS_VIOLATION (0xc0000005) at pc=0x00007ffc0ca3d939]

GC Heap History (0 events):
No events

Dll operation events (1 events):
Event: 0.011 Loaded shared library C:\Program Files\Android\Android Studio\jbr\bin\java.dll

Deoptimization events (0 events):
No events

Classes unloaded (0 events):
No events

Classes redefined (0 events):
No events

Internal exceptions (0 events):
No events

VM Operations (0 events):
No events

Events (0 events):
No events


Dynamic libraries:
0x00007ff6e0cf0000 - 0x00007ff6e0cfa000 	C:\Program Files\Android\Android Studio\jbr\bin\java.EXE
0x00007ffd057a0000 - 0x00007ffd05a07000 	C:\WINDOWS\SYSTEM32\ntdll.dll
0x00007ffd04ad0000 - 0x00007ffd04b99000 	C:\WINDOWS\System32\KERNEL32.DLL
0x00007ffd02c20000 - 0x00007ffd03010000 	C:\WINDOWS\System32\KERNELBASE.dll
0x00007ffcff430000 - 0x00007ffcff4ce000 	C:\WINDOWS\SYSTEM32\apphelp.dll
0x00007ffd030e0000 - 0x00007ffd0322b000 	C:\WINDOWS\System32\ucrtbase.dll
0x00007ffcfd290000 - 0x00007ffcfd2a7000 	C:\Program Files\Android\Android Studio\jbr\bin\jli.dll
0x00007ffcfd2b0000 - 0x00007ffcfd2cb000 	C:\Program Files\Android\Android Studio\jbr\bin\VCRUNTIME140.dll
0x00007ffd047a0000 - 0x00007ffd04965000 	C:\WINDOWS\System32\USER32.dll
0x00007ffd028d0000 - 0x00007ffd028f7000 	C:\WINDOWS\System32\win32u.dll
0x00007ffce4e20000 - 0x00007ffce50ba000 	C:\WINDOWS\WinSxS\amd64_microsoft.windows.common-controls_6595b64144ccf1df_6.0.26100.4768_none_3e0c112ce331287c\COMCTL32.dll
0x00007ffd03970000 - 0x00007ffd0399b000 	C:\WINDOWS\System32\GDI32.dll
0x00007ffd056b0000 - 0x00007ffd05759000 	C:\WINDOWS\System32\msvcrt.dll
0x00007ffd02900000 - 0x00007ffd02a38000 	C:\WINDOWS\System32\gdi32full.dll
0x00007ffd02ad0000 - 0x00007ffd02b73000 	C:\WINDOWS\System32\msvcp_win.dll
0x00007ffd04970000 - 0x00007ffd0499f000 	C:\WINDOWS\System32\IMM32.DLL
0x00007ffce4620000 - 0x00007ffce462c000 	C:\Program Files\Android\Android Studio\jbr\bin\vcruntime140_1.dll
0x00007ffc440f0000 - 0x00007ffc4417d000 	C:\Program Files\Android\Android Studio\jbr\bin\msvcp140.dll
0x00007ffc0c360000 - 0x00007ffc0cfcd000 	C:\Program Files\Android\Android Studio\jbr\bin\server\jvm.dll
0x00007ffd035d0000 - 0x00007ffd03684000 	C:\WINDOWS\System32\ADVAPI32.dll
0x00007ffd038b0000 - 0x00007ffd03956000 	C:\WINDOWS\System32\sechost.dll
0x00007ffd049b0000 - 0x00007ffd04ac8000 	C:\WINDOWS\System32\RPCRT4.dll
0x00007ffccce10000 - 0x00007ffccce1a000 	C:\WINDOWS\SYSTEM32\WSOCK32.dll
0x00007ffcf9360000 - 0x00007ffcf9395000 	C:\WINDOWS\SYSTEM32\WINMM.dll
0x00007ffd04bb0000 - 0x00007ffd04c24000 	C:\WINDOWS\System32\WS2_32.dll
0x00007ffcf41a0000 - 0x00007ffcf41ab000 	C:\WINDOWS\SYSTEM32\VERSION.dll
0x00007ffd01650000 - 0x00007ffd0166b000 	C:\WINDOWS\SYSTEM32\kernel.appcore.dll
0x00007ffcdac10000 - 0x00007ffcdac1a000 	C:\Program Files\Android\Android Studio\jbr\bin\jimage.dll
0x00007ffcffa70000 - 0x00007ffcffcb1000 	C:\WINDOWS\SYSTEM32\DBGHELP.DLL
0x00007ffd03b50000 - 0x00007ffd03ed5000 	C:\WINDOWS\System32\combase.dll
0x00007ffd055c0000 - 0x00007ffd056a0000 	C:\WINDOWS\System32\OLEAUT32.dll
0x00007ffcd9c70000 - 0x00007ffcd9cb3000 	C:\WINDOWS\SYSTEM32\dbgcore.DLL
0x00007ffd02b80000 - 0x00007ffd02c19000 	C:\WINDOWS\System32\bcryptPrimitives.dll
0x00007ffccbf10000 - 0x00007ffccbf35000 	C:\Program Files\Android\Android Studio\jbr\bin\java.dll

dbghelp: loaded successfully - version: 4.0.5 - missing functions: none
symbol engine: initialized successfully - sym options: 0x614 - pdb path: .;C:\Program Files\Android\Android Studio\jbr\bin;C:\WINDOWS\SYSTEM32;C:\WINDOWS\WinSxS\amd64_microsoft.windows.common-controls_6595b64144ccf1df_6.0.26100.4768_none_3e0c112ce331287c;C:\Program Files\Android\Android Studio\jbr\bin\server

VM Arguments:
java_command: <unknown>
java_class_path (initial): <not set>
Launcher Type: SUN_STANDARD

[Global flags]
     intx CICompilerCount                          = 4                                         {product} {ergonomic}
     uint ConcGCThreads                            = 2                                         {product} {ergonomic}
     uint G1ConcRefinementThreads                  = 8                                         {product} {ergonomic}
   size_t G1HeapRegionSize                         = 2097152                                   {product} {ergonomic}
    uintx GCDrainStackTargetSize                   = 64                                        {product} {ergonomic}
   size_t InitialHeapSize                          = 264241152                                 {product} {ergonomic}
   size_t MarkStackSize                            = 4194304                                   {product} {ergonomic}
   size_t MaxHeapSize                              = 4227858432                                {product} {ergonomic}
   size_t MinHeapDeltaBytes                        = 2097152                                   {product} {ergonomic}
   size_t MinHeapSize                              = 8388608                                   {product} {ergonomic}
    uintx NonNMethodCodeHeapSize                   = 5839372                                {pd product} {ergonomic}
    uintx NonProfiledCodeHeapSize                  = 122909434                              {pd product} {ergonomic}
    uintx ProfiledCodeHeapSize                     = 122909434                              {pd product} {ergonomic}
    uintx ReservedCodeCacheSize                    = 251658240                              {pd product} {ergonomic}
     bool SegmentedCodeCache                       = true                                      {product} {ergonomic}
   size_t SoftMaxHeapSize                          = 4227858432                             {manageable} {ergonomic}
     bool UseCompressedClassPointers               = true                           {product lp64_product} {ergonomic}
     bool UseCompressedOops                        = true                           {product lp64_product} {ergonomic}
     bool UseG1GC                                  = true                                      {product} {ergonomic}
     bool UseLargePagesIndividualAllocation        = false                                  {pd product} {ergonomic}

Logging:
Log output configuration:
 #0: stdout all=warning uptime,level,tags
 #1: stderr all=off uptime,level,tags

Environment Variables:
JAVA_HOME=C:\Program Files (x86)\Java\jdk-12
PATH=C:\Program Files\Common Files\Oracle\Java\javapath;C:\oraclexe\app\oracle\product\11.2.0\server\bin;C:\Windows\system32;C:\Windows;C:\Windows\System32\Wbem;C:\Windows\System32\WindowsPowerShell\v1.0\;C:\Windows\System32\OpenSSH\;C:\Program Files (x86)\NVIDIA Corporation\PhysX\Common;C:\Program Files\NVIDIA Corporation\NVIDIA NvDLISR;C:\Program Files\Git\cmd;C:\Program Files\Microsoft SQL Server\130\Tools\Binn\;C:\chromedriver_win32\chromedriver.exe;C:\Users\Test\Desktop\jdk-17_windows-x64_bin\jdk-17.0.3\bin;C:\Users\Test\Gardle\gradle-7.4.2-all\gradle-7.4.2\bin;C:\Program Files\nodejs\;C:\Users\hp\AppData\Local\Pub\Cache\bin;C:\xampp\php;C:\ProgramData\ComposerSetup\bin;C:\Users\hp\.dnx\bin;C:\Program Files\Microsoft DNX\Dnvm\;C:\Program Files\Microsoft SQL Server\120\Tools\Binn\;C:\Program Files\Microsoft SQL Server\150\Tools\Binn\;C:\Program Files\Microsoft SQL Server\Client SDK\ODBC\170\Tools\Binn\;C:\Program Files\dotnet\;C:\Program Files (x86)\Windows Kits\10\Windows Performance Toolkit\;C:\WINDOWS\system32;C:\WINDOWS;C:\WINDOWS\System32\Wbem;C:\WINDOWS\System32\WindowsPowerShell\v1.0\;C:\WINDOWS\System32\OpenSSH\;C:\dart-sdk\bin;C:\Users\hp\AppData\Local\Programs\Python\Python311\Scripts\;C:\Users\hp\AppData\Local\Programs\Python\Python311\;C:\Users\hp\AppData\Local\Programs\Python\Python313\Scripts\;C:\Users\hp\AppData\Local\Programs\Python\Python313\;C:\Users\hp\AppData\Local\Programs\Python\Python312\Scripts\;C:\Users\hp\AppData\Local\Programs\Python\Python312\;C:\Program Files\Common Files\Oracle\Java\javapath;C:\oraclexe\app\oracle\product\11.2.0\server\bin;C:\Windows\system32;C:\Windows;C:\Windows\System32\Wbem;C:\Windows\System32\WindowsPowerShell\v1.0\;C:\Windows\System32\OpenSSH\;C:\Program Files (x86)\NVIDIA Corporation\PhysX\Common;C:\Program Files\NVIDIA Corporation\NVIDIA NvDLISR;C:\Program Files\Git\cmd;C:\Program Files\Microsoft SQL Server\130\Tools\Binn\;C:\chromedriver_win32\chromedriver.exe;C:\Users\Test\Desktop\jdk-17_windows-x64_bin\jdk-1
USERNAME=hp
OS=Windows_NT
PROCESSOR_IDENTIFIER=Intel64 Family 6 Model 140 Stepping 1, GenuineIntel
TMP=C:\Users\hp\AppData\Local\Temp
TEMP=C:\Users\hp\AppData\Local\Temp



---------------  S Y S T E M  ---------------

OS:
 Windows 11 , 64 bit Build 26100 (10.0.26100.4768)
OS uptime: 0 days 2:02 hours

CPU: total 8 (initial active 8) (4 cores per cpu, 2 threads per core) family 6 model 140 stepping 1 microcode 0xac, cx8, cmov, fxsr, ht, mmx, 3dnowpref, sse, sse2, sse3, ssse3, sse4.1, sse4.2, popcnt, lzcnt, tsc, tscinvbit, avx, avx2, aes, erms, clmul, bmi1, bmi2, adx, avx512f, avx512dq, avx512cd, avx512bw, avx512vl, sha, fma, vzeroupper, avx512_vpopcntdq, avx512_vpclmulqdq, avx512_vaes, avx512_vnni, clflush, clflushopt, clwb, avx512_vbmi2, avx512_vbmi

Memory: 4k page, system-wide physical 16124M (1750M free)
TotalPageFile size 25702M (AvailPageFile size 176M)
current process WorkingSet (physical memory assigned to process): 13M, peak: 13M
current process commit charge ("private bytes"): 60M, peak: 312M

vm_info: OpenJDK 64-Bit Server VM (17.0.6+0-b2043.56-9586694) for windows-amd64 JRE (17.0.6+0-b2043.56-9586694), built on Feb  9 2023 20:06:20 by "androidbuild" with MS VC++ 16.10 / 16.11 (VS2019)

END.
